2022-09-21 13:24:20,444 [main] INFO  [com.xtd.ybls.YBLSTestApplication] StartupInfoLogger.java:55 - Starting YBLSTestApplication on Frn with PID 8560 (E:\java\SpringBoot_MybatisPlus_PostgreSQL\target\classes started by 冯瑞宁 in E:\java\SpringBoot_MybatisPlus_PostgreSQL)
2022-09-21 13:24:20,449 [main] INFO  [com.xtd.ybls.YBLSTestApplication] SpringApplication.java:651 - No active profile set, falling back to default profiles: default
2022-09-21 13:24:21,916 [main] INFO  [o.s.i.c.DefaultConfiguringBeanFactoryPostProcessor] DefaultConfiguringBeanFactoryPostProcessor.java:213 - No bean named 'errorChannel' has been explicitly defined. Therefore, a default PublishSubscribeChannel will be created.
2022-09-21 13:24:21,931 [main] INFO  [o.s.i.c.DefaultConfiguringBeanFactoryPostProcessor] DefaultConfiguringBeanFactoryPostProcessor.java:460 - No bean named 'integrationHeaderChannelRegistry' has been explicitly defined. Therefore, a default DefaultHeaderChannelRegistry will be created.
2022-09-21 13:24:21,954 [main] INFO  [o.s.c.s.PostProcessorRegistrationDelegate$BeanPostProcessorChecker] PostProcessorRegistrationDelegate.java:335 - Bean 'shiroConfig' of type [com.xtd.ybls.config.shiroConfig$$EnhancerBySpringCGLIB$$7e31d014] is not eligible for getting processed by all BeanPostProcessors (for example: not eligible for auto-proxying)
2022-09-21 13:24:22,608 [main] INFO  [o.s.c.s.PostProcessorRegistrationDelegate$BeanPostProcessorChecker] PostProcessorRegistrationDelegate.java:335 - Bean 'mybatis-plus-com.baomidou.mybatisplus.autoconfigure.MybatisPlusProperties' of type [com.baomidou.mybatisplus.autoconfigure.MybatisPlusProperties] is not eligible for getting processed by all BeanPostProcessors (for example: not eligible for auto-proxying)
2022-09-21 13:24:22,613 [main] INFO  [o.s.c.s.PostProcessorRegistrationDelegate$BeanPostProcessorChecker] PostProcessorRegistrationDelegate.java:335 - Bean 'mybatisPlusConfig' of type [com.xtd.ybls.config.MybatisPlusConfig$$EnhancerBySpringCGLIB$$41789350] is not eligible for getting processed by all BeanPostProcessors (for example: not eligible for auto-proxying)
2022-09-21 13:24:22,620 [main] INFO  [o.s.c.s.PostProcessorRegistrationDelegate$BeanPostProcessorChecker] PostProcessorRegistrationDelegate.java:335 - Bean 'mybatisPlusInterceptor' of type [com.baomidou.mybatisplus.extension.plugins.MybatisPlusInterceptor] is not eligible for getting processed by all BeanPostProcessors (for example: not eligible for auto-proxying)
2022-09-21 13:24:22,627 [main] INFO  [o.s.c.s.PostProcessorRegistrationDelegate$BeanPostProcessorChecker] PostProcessorRegistrationDelegate.java:335 - Bean 'com.baomidou.mybatisplus.autoconfigure.MybatisPlusAutoConfiguration' of type [com.baomidou.mybatisplus.autoconfigure.MybatisPlusAutoConfiguration$$EnhancerBySpringCGLIB$$f88852b7] is not eligible for getting processed by all BeanPostProcessors (for example: not eligible for auto-proxying)
2022-09-21 13:24:22,647 [main] INFO  [o.s.c.s.PostProcessorRegistrationDelegate$BeanPostProcessorChecker] PostProcessorRegistrationDelegate.java:335 - Bean 'spring.datasource.dynamic-com.baomidou.dynamic.datasource.spring.boot.autoconfigure.DynamicDataSourceProperties' of type [com.baomidou.dynamic.datasource.spring.boot.autoconfigure.DynamicDataSourceProperties] is not eligible for getting processed by all BeanPostProcessors (for example: not eligible for auto-proxying)
2022-09-21 13:24:22,649 [main] INFO  [o.s.c.s.PostProcessorRegistrationDelegate$BeanPostProcessorChecker] PostProcessorRegistrationDelegate.java:335 - Bean 'com.baomidou.dynamic.datasource.spring.boot.autoconfigure.DynamicDataSourceAutoConfiguration' of type [com.baomidou.dynamic.datasource.spring.boot.autoconfigure.DynamicDataSourceAutoConfiguration$$EnhancerBySpringCGLIB$$244e56ee] is not eligible for getting processed by all BeanPostProcessors (for example: not eligible for auto-proxying)
2022-09-21 13:24:22,705 [main] INFO  [o.s.c.s.PostProcessorRegistrationDelegate$BeanPostProcessorChecker] PostProcessorRegistrationDelegate.java:335 - Bean 'dynamicDataSourceCreator' of type [com.baomidou.dynamic.datasource.DynamicDataSourceCreator] is not eligible for getting processed by all BeanPostProcessors (for example: not eligible for auto-proxying)
2022-09-21 13:24:22,706 [main] INFO  [o.s.c.s.PostProcessorRegistrationDelegate$BeanPostProcessorChecker] PostProcessorRegistrationDelegate.java:335 - Bean 'dynamicDataSourceProvider' of type [com.baomidou.dynamic.datasource.provider.YmlDynamicDataSourceProvider] is not eligible for getting processed by all BeanPostProcessors (for example: not eligible for auto-proxying)
2022-09-21 13:24:22,805 [main] INFO  [com.alibaba.druid.pool.DruidDataSource] DruidDataSource.java:1003 - {dataSource-1,shp} inited
2022-09-21 13:24:22,806 [main] INFO  [com.alibaba.druid.pool.DruidDataSource] DruidDataSource.java:1003 - {dataSource-2,dateService} inited
2022-09-21 13:24:22,840 [main] INFO  [com.alibaba.druid.pool.DruidDataSource] DruidDataSource.java:1003 - {dataSource-3,test} inited
2022-09-21 13:24:22,841 [main] INFO  [c.b.dynamic.datasource.DynamicRoutingDataSource] DynamicRoutingDataSource.java:144 - dynamic-datasource - load a datasource named [dateService] success
2022-09-21 13:24:22,843 [main] INFO  [c.b.dynamic.datasource.DynamicRoutingDataSource] DynamicRoutingDataSource.java:144 - dynamic-datasource - load a datasource named [test] success
2022-09-21 13:24:22,843 [main] INFO  [c.b.dynamic.datasource.DynamicRoutingDataSource] DynamicRoutingDataSource.java:144 - dynamic-datasource - load a datasource named [shp] success
2022-09-21 13:24:22,843 [main] INFO  [c.b.dynamic.datasource.DynamicRoutingDataSource] DynamicRoutingDataSource.java:216 - dynamic-datasource initial loaded [3] datasource,primary datasource named [dateService]
2022-09-21 13:24:22,843 [main] INFO  [o.s.c.s.PostProcessorRegistrationDelegate$BeanPostProcessorChecker] PostProcessorRegistrationDelegate.java:335 - Bean 'dataSource' of type [com.baomidou.dynamic.datasource.DynamicRoutingDataSource] is not eligible for getting processed by all BeanPostProcessors (for example: not eligible for auto-proxying)
2022-09-21 13:24:22,861 [main] INFO  [o.s.c.s.PostProcessorRegistrationDelegate$BeanPostProcessorChecker] PostProcessorRegistrationDelegate.java:335 - Bean 'myMetaObjectHandler' of type [com.xtd.ybls.config.MyMetaObjectHandler] is not eligible for getting processed by all BeanPostProcessors (for example: not eligible for auto-proxying)
