2021-11-26 15:03:02,806 [main] INFO  [com.xtd.ybls.SpringBootTestApplication] StartupInfoLogger.java:55 - Starting SpringBootTestApplication on DESKTOP-SE4DV0T with PID 15920 (D:\workspace\YBLS\target\classes started by frn in D:\workspace\YBLS)
2021-11-26 15:03:02,809 [main] INFO  [com.xtd.ybls.SpringBootTestApplication] SpringApplication.java:651 - No active profile set, falling back to default profiles: default
2021-11-26 15:03:03,701 [main] WARN  [org.mybatis.spring.mapper.ClassPathMapperScanner] Logger.java:44 - Skipping MapperFactoryBean with name 'userMapper' and 'com.xtd.ybls.dao.UserMapper' mapperInterface. Bean already defined with the same name!
2021-11-26 15:03:03,702 [main] WARN  [org.mybatis.spring.mapper.ClassPathMapperScanner] Logger.java:44 - No MyBatis mapper was found in '[com.xtd.ybls.dao]' package. Please check your configuration.
2021-11-26 15:03:03,793 [main] INFO  [o.s.i.c.DefaultConfiguringBeanFactoryPostProcessor] DefaultConfiguringBeanFactoryPostProcessor.java:213 - No bean named 'errorChannel' has been explicitly defined. Therefore, a default PublishSubscribeChannel will be created.
2021-11-26 15:03:03,800 [main] INFO  [o.s.i.c.DefaultConfiguringBeanFactoryPostProcessor] DefaultConfiguringBeanFactoryPostProcessor.java:460 - No bean named 'integrationHeaderChannelRegistry' has been explicitly defined. Therefore, a default DefaultHeaderChannelRegistry will be created.
2021-11-26 15:03:03,820 [main] INFO  [o.s.c.s.PostProcessorRegistrationDelegate$BeanPostProcessorChecker] PostProcessorRegistrationDelegate.java:335 - Bean 'shiroConfig' of type [com.xtd.ybls.config.shiroConfig$$EnhancerBySpringCGLIB$$10c55b3a] is not eligible for getting processed by all BeanPostProcessors (for example: not eligible for auto-proxying)
2021-11-26 15:03:04,342 [main] INFO  [o.s.c.s.PostProcessorRegistrationDelegate$BeanPostProcessorChecker] PostProcessorRegistrationDelegate.java:335 - Bean 'mybatis-plus-com.baomidou.mybatisplus.autoconfigure.MybatisPlusProperties' of type [com.baomidou.mybatisplus.autoconfigure.MybatisPlusProperties] is not eligible for getting processed by all BeanPostProcessors (for example: not eligible for auto-proxying)
2021-11-26 15:03:04,352 [main] INFO  [o.s.c.s.PostProcessorRegistrationDelegate$BeanPostProcessorChecker] PostProcessorRegistrationDelegate.java:335 - Bean 'com.baomidou.mybatisplus.autoconfigure.MybatisPlusAutoConfiguration' of type [com.baomidou.mybatisplus.autoconfigure.MybatisPlusAutoConfiguration$$EnhancerBySpringCGLIB$$8b1bdddd] is not eligible for getting processed by all BeanPostProcessors (for example: not eligible for auto-proxying)
2021-11-26 15:03:04,372 [main] INFO  [o.s.c.s.PostProcessorRegistrationDelegate$BeanPostProcessorChecker] PostProcessorRegistrationDelegate.java:335 - Bean 'spring.datasource.dynamic-com.baomidou.dynamic.datasource.spring.boot.autoconfigure.DynamicDataSourceProperties' of type [com.baomidou.dynamic.datasource.spring.boot.autoconfigure.DynamicDataSourceProperties] is not eligible for getting processed by all BeanPostProcessors (for example: not eligible for auto-proxying)
2021-11-26 15:03:04,374 [main] INFO  [o.s.c.s.PostProcessorRegistrationDelegate$BeanPostProcessorChecker] PostProcessorRegistrationDelegate.java:335 - Bean 'com.baomidou.dynamic.datasource.spring.boot.autoconfigure.DynamicDataSourceAutoConfiguration' of type [com.baomidou.dynamic.datasource.spring.boot.autoconfigure.DynamicDataSourceAutoConfiguration$$EnhancerBySpringCGLIB$$b6e1e214] is not eligible for getting processed by all BeanPostProcessors (for example: not eligible for auto-proxying)
2021-11-26 15:03:04,404 [main] INFO  [o.s.c.s.PostProcessorRegistrationDelegate$BeanPostProcessorChecker] PostProcessorRegistrationDelegate.java:335 - Bean 'dynamicDataSourceCreator' of type [com.baomidou.dynamic.datasource.DynamicDataSourceCreator] is not eligible for getting processed by all BeanPostProcessors (for example: not eligible for auto-proxying)
2021-11-26 15:03:04,405 [main] INFO  [o.s.c.s.PostProcessorRegistrationDelegate$BeanPostProcessorChecker] PostProcessorRegistrationDelegate.java:335 - Bean 'dynamicDataSourceProvider' of type [com.baomidou.dynamic.datasource.provider.YmlDynamicDataSourceProvider] is not eligible for getting processed by all BeanPostProcessors (for example: not eligible for auto-proxying)
2021-11-26 15:03:04,507 [main] INFO  [com.alibaba.druid.pool.DruidDataSource] DruidDataSource.java:1003 - {dataSource-1,shp} inited
2021-11-26 15:03:04,509 [main] INFO  [com.alibaba.druid.pool.DruidDataSource] DruidDataSource.java:1003 - {dataSource-2,dateservice} inited
2021-11-26 15:03:04,554 [main] INFO  [com.alibaba.druid.pool.DruidDataSource] DruidDataSource.java:1003 - {dataSource-3,test} inited
2021-11-26 15:03:04,554 [main] INFO  [c.b.dynamic.datasource.DynamicRoutingDataSource] DynamicRoutingDataSource.java:144 - dynamic-datasource - load a datasource named [test] success
2021-11-26 15:03:04,556 [main] INFO  [c.b.dynamic.datasource.DynamicRoutingDataSource] DynamicRoutingDataSource.java:144 - dynamic-datasource - load a datasource named [dateservice] success
2021-11-26 15:03:04,557 [main] INFO  [c.b.dynamic.datasource.DynamicRoutingDataSource] DynamicRoutingDataSource.java:144 - dynamic-datasource - load a datasource named [shp] success
2021-11-26 15:03:04,557 [main] INFO  [c.b.dynamic.datasource.DynamicRoutingDataSource] DynamicRoutingDataSource.java:216 - dynamic-datasource initial loaded [3] datasource,primary datasource named [shp]
2021-11-26 15:03:04,558 [main] INFO  [o.s.c.s.PostProcessorRegistrationDelegate$BeanPostProcessorChecker] PostProcessorRegistrationDelegate.java:335 - Bean 'dataSource' of type [com.baomidou.dynamic.datasource.DynamicRoutingDataSource] is not eligible for getting processed by all BeanPostProcessors (for example: not eligible for auto-proxying)
2021-11-26 15:03:04,923 [main] INFO  [o.s.c.s.PostProcessorRegistrationDelegate$BeanPostProcessorChecker] PostProcessorRegistrationDelegate.java:335 - Bean 'sqlSessionFactory' of type [org.apache.ibatis.session.defaults.DefaultSqlSessionFactory] is not eligible for getting processed by all BeanPostProcessors (for example: not eligible for auto-proxying)
2021-11-26 15:03:04,933 [main] INFO  [o.s.c.s.PostProcessorRegistrationDelegate$BeanPostProcessorChecker] PostProcessorRegistrationDelegate.java:335 - Bean 'sqlSessionTemplate' of type [org.mybatis.spring.SqlSessionTemplate] is not eligible for getting processed by all BeanPostProcessors (for example: not eligible for auto-proxying)
2021-11-26 15:03:04,936 [main] INFO  [o.s.c.s.PostProcessorRegistrationDelegate$BeanPostProcessorChecker] PostProcessorRegistrationDelegate.java:335 - Bean 'userMapper' of type [org.mybatis.spring.mapper.MapperFactoryBean] is not eligible for getting processed by all BeanPostProcessors (for example: not eligible for auto-proxying)
2021-11-26 15:03:04,937 [main] INFO  [o.s.c.s.PostProcessorRegistrationDelegate$BeanPostProcessorChecker] PostProcessorRegistrationDelegate.java:335 - Bean 'userMapper' of type [com.sun.proxy.$Proxy58] is not eligible for getting processed by all BeanPostProcessors (for example: not eligible for auto-proxying)
2021-11-26 15:03:04,939 [main] INFO  [o.s.c.s.PostProcessorRegistrationDelegate$BeanPostProcessorChecker] PostProcessorRegistrationDelegate.java:335 - Bean 'loginServiceImpl' of type [com.xtd.ybls.service.impl.LoginServiceImpl] is not eligible for getting processed by all BeanPostProcessors (for example: not eligible for auto-proxying)
2021-11-26 15:03:04,939 [main] INFO  [o.s.c.s.PostProcessorRegistrationDelegate$BeanPostProcessorChecker] PostProcessorRegistrationDelegate.java:335 - Bean 'myShiroRealm' of type [com.xtd.ybls.shiro.SecurityRealm] is not eligible for getting processed by all BeanPostProcessors (for example: not eligible for auto-proxying)
2021-11-26 15:03:04,941 [main] INFO  [o.s.c.s.PostProcessorRegistrationDelegate$BeanPostProcessorChecker] PostProcessorRegistrationDelegate.java:335 - Bean 'securityManager' of type [org.apache.shiro.web.mgt.DefaultWebSecurityManager] is not eligible for getting processed by all BeanPostProcessors (for example: not eligible for auto-proxying)
2021-11-26 15:03:04,957 [main] INFO  [o.s.c.s.PostProcessorRegistrationDelegate$BeanPostProcessorChecker] PostProcessorRegistrationDelegate.java:335 - Bean 'authorizationAttributeSourceAdvisor' of type [org.apache.shiro.spring.security.interceptor.AuthorizationAttributeSourceAdvisor] is not eligible for getting processed by all BeanPostProcessors (for example: not eligible for auto-proxying)
2021-11-26 15:03:04,977 [main] INFO  [o.s.c.s.PostProcessorRegistrationDelegate$BeanPostProcessorChecker] PostProcessorRegistrationDelegate.java:335 - Bean 'dsProcessor' of type [com.baomidou.dynamic.datasource.processor.DsHeaderProcessor] is not eligible for getting processed by all BeanPostProcessors (for example: not eligible for auto-proxying)
2021-11-26 15:03:04,983 [main] INFO  [o.s.c.s.PostProcessorRegistrationDelegate$BeanPostProcessorChecker] PostProcessorRegistrationDelegate.java:335 - Bean 'dynamicDatasourceAnnotationAdvisor' of type [com.baomidou.dynamic.datasource.aop.DynamicDataSourceAnnotationAdvisor] is not eligible for getting processed by all BeanPostProcessors (for example: not eligible for auto-proxying)
2021-11-26 15:03:05,101 [main] INFO  [o.s.c.s.PostProcessorRegistrationDelegate$BeanPostProcessorChecker] PostProcessorRegistrationDelegate.java:335 - Bean 'org.springframework.integration.config.IntegrationManagementConfiguration' of type [org.springframework.integration.config.IntegrationManagementConfiguration] is not eligible for getting processed by all BeanPostProcessors (for example: not eligible for auto-proxying)
2021-11-26 15:03:05,115 [main] INFO  [o.s.c.s.PostProcessorRegistrationDelegate$BeanPostProcessorChecker] PostProcessorRegistrationDelegate.java:335 - Bean 'integrationChannelResolver' of type [org.springframework.integration.support.channel.BeanFactoryChannelResolver] is not eligible for getting processed by all BeanPostProcessors (for example: not eligible for auto-proxying)
2021-11-26 15:03:05,117 [main] INFO  [o.s.c.s.PostProcessorRegistrationDelegate$BeanPostProcessorChecker] PostProcessorRegistrationDelegate.java:335 - Bean 'integrationDisposableAutoCreatedBeans' of type [org.springframework.integration.config.annotation.Disposables] is not eligible for getting processed by all BeanPostProcessors (for example: not eligible for auto-proxying)
2021-11-26 15:03:05,467 [main] INFO  [o.s.boot.web.embedded.tomcat.TomcatWebServer] TomcatWebServer.java:108 - Tomcat initialized with port(s): 8080 (http)
2021-11-26 15:03:05,479 [main] INFO  [org.apache.coyote.http11.Http11NioProtocol] DirectJDKLog.java:173 - Initializing ProtocolHandler ["http-nio-8080"]
2021-11-26 15:03:05,480 [main] INFO  [org.apache.catalina.core.StandardService] DirectJDKLog.java:173 - Starting service [Tomcat]
2021-11-26 15:03:05,480 [main] INFO  [org.apache.catalina.core.StandardEngine] DirectJDKLog.java:173 - Starting Servlet engine: [Apache Tomcat/9.0.38]
2021-11-26 15:03:05,587 [main] INFO  [o.a.c.core.ContainerBase.[Tomcat].[localhost].[/]] DirectJDKLog.java:173 - Initializing Spring embedded WebApplicationContext
2021-11-26 15:03:05,587 [main] INFO  [o.s.b.w.s.c.ServletWebServerApplicationContext] ServletWebServerApplicationContext.java:285 - Root WebApplicationContext: initialization completed in 2706 ms
2021-11-26 15:03:05,841 [main] INFO  [o.s.scheduling.concurrent.ThreadPoolTaskExecutor] ExecutorConfigurationSupport.java:181 - Initializing ExecutorService 'applicationTaskExecutor'
2021-11-26 15:03:06,379 [main] INFO  [org.quartz.impl.StdSchedulerFactory] StdSchedulerFactory.java:1220 - Using default implementation for ThreadExecutor
2021-11-26 15:03:06,394 [main] INFO  [org.quartz.core.SchedulerSignalerImpl] SchedulerSignalerImpl.java:61 - Initialized Scheduler Signaller of type: class org.quartz.core.SchedulerSignalerImpl
2021-11-26 15:03:06,394 [main] INFO  [org.quartz.core.QuartzScheduler] QuartzScheduler.java:229 - Quartz Scheduler v.2.3.2 created.
2021-11-26 15:03:06,395 [main] INFO  [org.quartz.simpl.RAMJobStore] RAMJobStore.java:155 - RAMJobStore initialized.
2021-11-26 15:03:06,396 [main] INFO  [org.quartz.core.QuartzScheduler] QuartzScheduler.java:294 - Scheduler meta-data: Quartz Scheduler (v2.3.2) 'quartzScheduler' with instanceId 'NON_CLUSTERED'
  Scheduler class: 'org.quartz.core.QuartzScheduler' - running locally.
  NOT STARTED.
  Currently in standby mode.
  Number of jobs executed: 0
  Using thread pool 'org.quartz.simpl.SimpleThreadPool' - with 10 threads.
  Using job-store 'org.quartz.simpl.RAMJobStore' - which does not support persistence. and is not clustered.

2021-11-26 15:03:06,397 [main] INFO  [org.quartz.impl.StdSchedulerFactory] StdSchedulerFactory.java:1374 - Quartz scheduler 'quartzScheduler' initialized from an externally provided properties instance.
2021-11-26 15:03:06,397 [main] INFO  [org.quartz.impl.StdSchedulerFactory] StdSchedulerFactory.java:1378 - Quartz scheduler version: 2.3.2
2021-11-26 15:03:06,397 [main] INFO  [org.quartz.core.QuartzScheduler] QuartzScheduler.java:2293 - JobFactory set to: org.springframework.scheduling.quartz.SpringBeanJobFactory@f29353f
2021-11-26 15:03:06,409 [main] INFO  [o.s.scheduling.concurrent.ThreadPoolTaskScheduler] ExecutorConfigurationSupport.java:181 - Initializing ExecutorService 'taskScheduler'
2021-11-26 15:03:06,610 [main] INFO  [o.s.integration.endpoint.EventDrivenConsumer] EventDrivenConsumer.java:107 - Adding {logging-channel-adapter:_org.springframework.integration.errorLogger} as a subscriber to the 'errorChannel' channel
2021-11-26 15:03:06,611 [main] INFO  [o.s.integration.channel.PublishSubscribeChannel] AbstractSubscribableChannel.java:64 - Channel 'application.errorChannel' has 1 subscriber(s).
2021-11-26 15:03:06,612 [main] INFO  [o.s.integration.endpoint.EventDrivenConsumer] AbstractEndpoint.java:159 - started bean '_org.springframework.integration.errorLogger'
2021-11-26 15:03:06,612 [main] INFO  [org.apache.coyote.http11.Http11NioProtocol] DirectJDKLog.java:173 - Starting ProtocolHandler ["http-nio-8080"]
2021-11-26 15:03:06,646 [main] INFO  [o.s.boot.web.embedded.tomcat.TomcatWebServer] TomcatWebServer.java:220 - Tomcat started on port(s): 8080 (http) with context path ''
2021-11-26 15:03:06,648 [main] INFO  [o.s.scheduling.quartz.SchedulerFactoryBean] SchedulerFactoryBean.java:727 - Starting Quartz Scheduler now
2021-11-26 15:03:06,648 [main] INFO  [org.quartz.core.QuartzScheduler] QuartzScheduler.java:547 - Scheduler quartzScheduler_$_NON_CLUSTERED started.
2021-11-26 15:03:06,663 [main] INFO  [com.xtd.ybls.SpringBootTestApplication] StartupInfoLogger.java:61 - Started SpringBootTestApplication in 4.324 seconds (JVM running for 4.831)
2021-11-26 15:03:08,999 [http-nio-8080-exec-1] INFO  [o.a.c.core.ContainerBase.[Tomcat].[localhost].[/]] DirectJDKLog.java:173 - Initializing Spring DispatcherServlet 'dispatcherServlet'
2021-11-26 15:03:09,000 [http-nio-8080-exec-1] INFO  [org.springframework.web.servlet.DispatcherServlet] FrameworkServlet.java:525 - Initializing Servlet 'dispatcherServlet'
2021-11-26 15:03:09,009 [http-nio-8080-exec-1] INFO  [org.springframework.web.servlet.DispatcherServlet] FrameworkServlet.java:547 - Completed initialization in 9 ms
2021-11-26 15:23:04,554 [SpringContextShutdownHook] INFO  [org.quartz.core.QuartzScheduler] QuartzScheduler.java:585 - Scheduler quartzScheduler_$_NON_CLUSTERED paused.
2021-11-26 15:23:04,875 [SpringContextShutdownHook] INFO  [o.s.integration.endpoint.EventDrivenConsumer] EventDrivenConsumer.java:107 - Removing {logging-channel-adapter:_org.springframework.integration.errorLogger} as a subscriber to the 'errorChannel' channel
2021-11-26 15:23:04,876 [SpringContextShutdownHook] INFO  [o.s.integration.channel.PublishSubscribeChannel] AbstractSubscribableChannel.java:64 - Channel 'application.errorChannel' has 0 subscriber(s).
2021-11-26 15:23:04,876 [SpringContextShutdownHook] INFO  [o.s.integration.endpoint.EventDrivenConsumer] AbstractEndpoint.java:193 - stopped bean '_org.springframework.integration.errorLogger'
2021-11-26 15:23:04,877 [SpringContextShutdownHook] INFO  [o.s.scheduling.concurrent.ThreadPoolTaskScheduler] ExecutorConfigurationSupport.java:218 - Shutting down ExecutorService 'taskScheduler'
2021-11-26 15:23:04,878 [SpringContextShutdownHook] INFO  [o.s.scheduling.quartz.SchedulerFactoryBean] SchedulerFactoryBean.java:845 - Shutting down Quartz Scheduler
2021-11-26 15:23:04,878 [SpringContextShutdownHook] INFO  [org.quartz.core.QuartzScheduler] QuartzScheduler.java:666 - Scheduler quartzScheduler_$_NON_CLUSTERED shutting down.
2021-11-26 15:23:04,878 [SpringContextShutdownHook] INFO  [org.quartz.core.QuartzScheduler] QuartzScheduler.java:585 - Scheduler quartzScheduler_$_NON_CLUSTERED paused.
2021-11-26 15:23:04,879 [SpringContextShutdownHook] INFO  [org.quartz.core.QuartzScheduler] QuartzScheduler.java:740 - Scheduler quartzScheduler_$_NON_CLUSTERED shutdown complete.
2021-11-26 15:23:04,879 [SpringContextShutdownHook] INFO  [o.s.scheduling.concurrent.ThreadPoolTaskExecutor] ExecutorConfigurationSupport.java:218 - Shutting down ExecutorService 'applicationTaskExecutor'
2021-11-26 15:23:04,880 [SpringContextShutdownHook] INFO  [c.b.dynamic.datasource.DynamicRoutingDataSource] DynamicRoutingDataSource.java:184 - dynamic-datasource start closing ....
2021-11-26 15:23:04,884 [SpringContextShutdownHook] INFO  [com.alibaba.druid.pool.DruidDataSource] DruidDataSource.java:1965 - {dataSource-3} closing ...
2021-11-26 15:23:04,885 [SpringContextShutdownHook] INFO  [com.alibaba.druid.pool.DruidDataSource] DruidDataSource.java:2037 - {dataSource-3} closed
2021-11-26 15:23:04,885 [SpringContextShutdownHook] INFO  [com.alibaba.druid.pool.DruidDataSource] DruidDataSource.java:1965 - {dataSource-2} closing ...
2021-11-26 15:23:04,885 [SpringContextShutdownHook] INFO  [com.alibaba.druid.pool.DruidDataSource] DruidDataSource.java:2037 - {dataSource-2} closed
2021-11-26 15:23:04,885 [SpringContextShutdownHook] INFO  [com.alibaba.druid.pool.DruidDataSource] DruidDataSource.java:1965 - {dataSource-1} closing ...
2021-11-26 15:23:04,887 [SpringContextShutdownHook] INFO  [com.alibaba.druid.pool.DruidDataSource] DruidDataSource.java:2037 - {dataSource-1} closed
2021-11-26 15:23:04,887 [SpringContextShutdownHook] INFO  [c.b.dynamic.datasource.DynamicRoutingDataSource] DynamicRoutingDataSource.java:200 - dynamic-datasource all closed success,bye
2021-11-26 15:23:10,693 [main] INFO  [com.xtd.ybls.SpringBootTestApplication] StartupInfoLogger.java:55 - Starting SpringBootTestApplication on DESKTOP-SE4DV0T with PID 1640 (D:\workspace\YBLS\target\classes started by frn in D:\workspace\YBLS)
2021-11-26 15:23:10,696 [main] INFO  [com.xtd.ybls.SpringBootTestApplication] SpringApplication.java:651 - No active profile set, falling back to default profiles: default
2021-11-26 15:23:11,619 [main] WARN  [org.mybatis.spring.mapper.ClassPathMapperScanner] Logger.java:44 - Skipping MapperFactoryBean with name 'userMapper' and 'com.xtd.ybls.dao.UserMapper' mapperInterface. Bean already defined with the same name!
2021-11-26 15:23:11,619 [main] WARN  [org.mybatis.spring.mapper.ClassPathMapperScanner] Logger.java:44 - No MyBatis mapper was found in '[com.xtd.ybls.dao]' package. Please check your configuration.
2021-11-26 15:23:11,741 [main] INFO  [o.s.i.c.DefaultConfiguringBeanFactoryPostProcessor] DefaultConfiguringBeanFactoryPostProcessor.java:213 - No bean named 'errorChannel' has been explicitly defined. Therefore, a default PublishSubscribeChannel will be created.
2021-11-26 15:23:11,767 [main] INFO  [o.s.i.c.DefaultConfiguringBeanFactoryPostProcessor] DefaultConfiguringBeanFactoryPostProcessor.java:460 - No bean named 'integrationHeaderChannelRegistry' has been explicitly defined. Therefore, a default DefaultHeaderChannelRegistry will be created.
2021-11-26 15:23:11,790 [main] INFO  [o.s.c.s.PostProcessorRegistrationDelegate$BeanPostProcessorChecker] PostProcessorRegistrationDelegate.java:335 - Bean 'shiroConfig' of type [com.xtd.ybls.config.shiroConfig$$EnhancerBySpringCGLIB$$9ef5e747] is not eligible for getting processed by all BeanPostProcessors (for example: not eligible for auto-proxying)
2021-11-26 15:23:12,313 [main] INFO  [o.s.c.s.PostProcessorRegistrationDelegate$BeanPostProcessorChecker] PostProcessorRegistrationDelegate.java:335 - Bean 'mybatis-plus-com.baomidou.mybatisplus.autoconfigure.MybatisPlusProperties' of type [com.baomidou.mybatisplus.autoconfigure.MybatisPlusProperties] is not eligible for getting processed by all BeanPostProcessors (for example: not eligible for auto-proxying)
2021-11-26 15:23:12,322 [main] INFO  [o.s.c.s.PostProcessorRegistrationDelegate$BeanPostProcessorChecker] PostProcessorRegistrationDelegate.java:335 - Bean 'com.baomidou.mybatisplus.autoconfigure.MybatisPlusAutoConfiguration' of type [com.baomidou.mybatisplus.autoconfigure.MybatisPlusAutoConfiguration$$EnhancerBySpringCGLIB$$194c69ea] is not eligible for getting processed by all BeanPostProcessors (for example: not eligible for auto-proxying)
2021-11-26 15:23:12,342 [main] INFO  [o.s.c.s.PostProcessorRegistrationDelegate$BeanPostProcessorChecker] PostProcessorRegistrationDelegate.java:335 - Bean 'spring.datasource.dynamic-com.baomidou.dynamic.datasource.spring.boot.autoconfigure.DynamicDataSourceProperties' of type [com.baomidou.dynamic.datasource.spring.boot.autoconfigure.DynamicDataSourceProperties] is not eligible for getting processed by all BeanPostProcessors (for example: not eligible for auto-proxying)
2021-11-26 15:23:12,344 [main] INFO  [o.s.c.s.PostProcessorRegistrationDelegate$BeanPostProcessorChecker] PostProcessorRegistrationDelegate.java:335 - Bean 'com.baomidou.dynamic.datasource.spring.boot.autoconfigure.DynamicDataSourceAutoConfiguration' of type [com.baomidou.dynamic.datasource.spring.boot.autoconfigure.DynamicDataSourceAutoConfiguration$$EnhancerBySpringCGLIB$$45126e21] is not eligible for getting processed by all BeanPostProcessors (for example: not eligible for auto-proxying)
2021-11-26 15:23:12,370 [main] INFO  [o.s.c.s.PostProcessorRegistrationDelegate$BeanPostProcessorChecker] PostProcessorRegistrationDelegate.java:335 - Bean 'dynamicDataSourceCreator' of type [com.baomidou.dynamic.datasource.DynamicDataSourceCreator] is not eligible for getting processed by all BeanPostProcessors (for example: not eligible for auto-proxying)
2021-11-26 15:23:12,371 [main] INFO  [o.s.c.s.PostProcessorRegistrationDelegate$BeanPostProcessorChecker] PostProcessorRegistrationDelegate.java:335 - Bean 'dynamicDataSourceProvider' of type [com.baomidou.dynamic.datasource.provider.YmlDynamicDataSourceProvider] is not eligible for getting processed by all BeanPostProcessors (for example: not eligible for auto-proxying)
2021-11-26 15:23:12,483 [main] INFO  [com.alibaba.druid.pool.DruidDataSource] DruidDataSource.java:1003 - {dataSource-1,shp} inited
2021-11-26 15:23:12,484 [main] INFO  [com.alibaba.druid.pool.DruidDataSource] DruidDataSource.java:1003 - {dataSource-2,dateservice} inited
2021-11-26 15:23:12,531 [main] INFO  [com.alibaba.druid.pool.DruidDataSource] DruidDataSource.java:1003 - {dataSource-3,test} inited
2021-11-26 15:23:12,531 [main] INFO  [c.b.dynamic.datasource.DynamicRoutingDataSource] DynamicRoutingDataSource.java:144 - dynamic-datasource - load a datasource named [test] success
2021-11-26 15:23:12,532 [main] INFO  [c.b.dynamic.datasource.DynamicRoutingDataSource] DynamicRoutingDataSource.java:144 - dynamic-datasource - load a datasource named [dateservice] success
2021-11-26 15:23:12,533 [main] INFO  [c.b.dynamic.datasource.DynamicRoutingDataSource] DynamicRoutingDataSource.java:144 - dynamic-datasource - load a datasource named [shp] success
2021-11-26 15:23:12,533 [main] INFO  [c.b.dynamic.datasource.DynamicRoutingDataSource] DynamicRoutingDataSource.java:216 - dynamic-datasource initial loaded [3] datasource,primary datasource named [shp]
2021-11-26 15:23:12,533 [main] INFO  [o.s.c.s.PostProcessorRegistrationDelegate$BeanPostProcessorChecker] PostProcessorRegistrationDelegate.java:335 - Bean 'dataSource' of type [com.baomidou.dynamic.datasource.DynamicRoutingDataSource] is not eligible for getting processed by all BeanPostProcessors (for example: not eligible for auto-proxying)
2021-11-26 15:23:12,795 [main] INFO  [o.s.c.s.PostProcessorRegistrationDelegate$BeanPostProcessorChecker] PostProcessorRegistrationDelegate.java:335 - Bean 'sqlSessionFactory' of type [org.apache.ibatis.session.defaults.DefaultSqlSessionFactory] is not eligible for getting processed by all BeanPostProcessors (for example: not eligible for auto-proxying)
2021-11-26 15:23:12,800 [main] INFO  [o.s.c.s.PostProcessorRegistrationDelegate$BeanPostProcessorChecker] PostProcessorRegistrationDelegate.java:335 - Bean 'sqlSessionTemplate' of type [org.mybatis.spring.SqlSessionTemplate] is not eligible for getting processed by all BeanPostProcessors (for example: not eligible for auto-proxying)
2021-11-26 15:23:12,803 [main] INFO  [o.s.c.s.PostProcessorRegistrationDelegate$BeanPostProcessorChecker] PostProcessorRegistrationDelegate.java:335 - Bean 'userMapper' of type [org.mybatis.spring.mapper.MapperFactoryBean] is not eligible for getting processed by all BeanPostProcessors (for example: not eligible for auto-proxying)
2021-11-26 15:23:12,805 [main] INFO  [o.s.c.s.PostProcessorRegistrationDelegate$BeanPostProcessorChecker] PostProcessorRegistrationDelegate.java:335 - Bean 'userMapper' of type [com.sun.proxy.$Proxy58] is not eligible for getting processed by all BeanPostProcessors (for example: not eligible for auto-proxying)
2021-11-26 15:23:12,806 [main] INFO  [o.s.c.s.PostProcessorRegistrationDelegate$BeanPostProcessorChecker] PostProcessorRegistrationDelegate.java:335 - Bean 'loginServiceImpl' of type [com.xtd.ybls.service.impl.LoginServiceImpl] is not eligible for getting processed by all BeanPostProcessors (for example: not eligible for auto-proxying)
2021-11-26 15:23:12,807 [main] INFO  [o.s.c.s.PostProcessorRegistrationDelegate$BeanPostProcessorChecker] PostProcessorRegistrationDelegate.java:335 - Bean 'myShiroRealm' of type [com.xtd.ybls.shiro.SecurityRealm] is not eligible for getting processed by all BeanPostProcessors (for example: not eligible for auto-proxying)
2021-11-26 15:23:12,808 [main] INFO  [o.s.c.s.PostProcessorRegistrationDelegate$BeanPostProcessorChecker] PostProcessorRegistrationDelegate.java:335 - Bean 'securityManager' of type [org.apache.shiro.web.mgt.DefaultWebSecurityManager] is not eligible for getting processed by all BeanPostProcessors (for example: not eligible for auto-proxying)
2021-11-26 15:23:12,826 [main] INFO  [o.s.c.s.PostProcessorRegistrationDelegate$BeanPostProcessorChecker] PostProcessorRegistrationDelegate.java:335 - Bean 'authorizationAttributeSourceAdvisor' of type [org.apache.shiro.spring.security.interceptor.AuthorizationAttributeSourceAdvisor] is not eligible for getting processed by all BeanPostProcessors (for example: not eligible for auto-proxying)
2021-11-26 15:23:12,851 [main] INFO  [o.s.c.s.PostProcessorRegistrationDelegate$BeanPostProcessorChecker] PostProcessorRegistrationDelegate.java:335 - Bean 'dsProcessor' of type [com.baomidou.dynamic.datasource.processor.DsHeaderProcessor] is not eligible for getting processed by all BeanPostProcessors (for example: not eligible for auto-proxying)
2021-11-26 15:23:12,859 [main] INFO  [o.s.c.s.PostProcessorRegistrationDelegate$BeanPostProcessorChecker] PostProcessorRegistrationDelegate.java:335 - Bean 'dynamicDatasourceAnnotationAdvisor' of type [com.baomidou.dynamic.datasource.aop.DynamicDataSourceAnnotationAdvisor] is not eligible for getting processed by all BeanPostProcessors (for example: not eligible for auto-proxying)
2021-11-26 15:23:12,984 [main] INFO  [o.s.c.s.PostProcessorRegistrationDelegate$BeanPostProcessorChecker] PostProcessorRegistrationDelegate.java:335 - Bean 'org.springframework.integration.config.IntegrationManagementConfiguration' of type [org.springframework.integration.config.IntegrationManagementConfiguration] is not eligible for getting processed by all BeanPostProcessors (for example: not eligible for auto-proxying)
2021-11-26 15:23:12,997 [main] INFO  [o.s.c.s.PostProcessorRegistrationDelegate$BeanPostProcessorChecker] PostProcessorRegistrationDelegate.java:335 - Bean 'integrationChannelResolver' of type [org.springframework.integration.support.channel.BeanFactoryChannelResolver] is not eligible for getting processed by all BeanPostProcessors (for example: not eligible for auto-proxying)
2021-11-26 15:23:13,001 [main] INFO  [o.s.c.s.PostProcessorRegistrationDelegate$BeanPostProcessorChecker] PostProcessorRegistrationDelegate.java:335 - Bean 'integrationDisposableAutoCreatedBeans' of type [org.springframework.integration.config.annotation.Disposables] is not eligible for getting processed by all BeanPostProcessors (for example: not eligible for auto-proxying)
2021-11-26 15:23:13,364 [main] INFO  [o.s.boot.web.embedded.tomcat.TomcatWebServer] TomcatWebServer.java:108 - Tomcat initialized with port(s): 8080 (http)
2021-11-26 15:23:13,379 [main] INFO  [org.apache.coyote.http11.Http11NioProtocol] DirectJDKLog.java:173 - Initializing ProtocolHandler ["http-nio-8080"]
2021-11-26 15:23:13,380 [main] INFO  [org.apache.catalina.core.StandardService] DirectJDKLog.java:173 - Starting service [Tomcat]
2021-11-26 15:23:13,381 [main] INFO  [org.apache.catalina.core.StandardEngine] DirectJDKLog.java:173 - Starting Servlet engine: [Apache Tomcat/9.0.38]
2021-11-26 15:23:13,491 [main] INFO  [o.a.c.core.ContainerBase.[Tomcat].[localhost].[/]] DirectJDKLog.java:173 - Initializing Spring embedded WebApplicationContext
2021-11-26 15:23:13,492 [main] INFO  [o.s.b.w.s.c.ServletWebServerApplicationContext] ServletWebServerApplicationContext.java:285 - Root WebApplicationContext: initialization completed in 2725 ms
2021-11-26 15:23:13,760 [main] INFO  [o.s.scheduling.concurrent.ThreadPoolTaskExecutor] ExecutorConfigurationSupport.java:181 - Initializing ExecutorService 'applicationTaskExecutor'
2021-11-26 15:23:14,243 [main] INFO  [org.quartz.impl.StdSchedulerFactory] StdSchedulerFactory.java:1220 - Using default implementation for ThreadExecutor
2021-11-26 15:23:14,259 [main] INFO  [org.quartz.core.SchedulerSignalerImpl] SchedulerSignalerImpl.java:61 - Initialized Scheduler Signaller of type: class org.quartz.core.SchedulerSignalerImpl
2021-11-26 15:23:14,259 [main] INFO  [org.quartz.core.QuartzScheduler] QuartzScheduler.java:229 - Quartz Scheduler v.2.3.2 created.
2021-11-26 15:23:14,260 [main] INFO  [org.quartz.simpl.RAMJobStore] RAMJobStore.java:155 - RAMJobStore initialized.
2021-11-26 15:23:14,262 [main] INFO  [org.quartz.core.QuartzScheduler] QuartzScheduler.java:294 - Scheduler meta-data: Quartz Scheduler (v2.3.2) 'quartzScheduler' with instanceId 'NON_CLUSTERED'
  Scheduler class: 'org.quartz.core.QuartzScheduler' - running locally.
  NOT STARTED.
  Currently in standby mode.
  Number of jobs executed: 0
  Using thread pool 'org.quartz.simpl.SimpleThreadPool' - with 10 threads.
  Using job-store 'org.quartz.simpl.RAMJobStore' - which does not support persistence. and is not clustered.

2021-11-26 15:23:14,262 [main] INFO  [org.quartz.impl.StdSchedulerFactory] StdSchedulerFactory.java:1374 - Quartz scheduler 'quartzScheduler' initialized from an externally provided properties instance.
2021-11-26 15:23:14,262 [main] INFO  [org.quartz.impl.StdSchedulerFactory] StdSchedulerFactory.java:1378 - Quartz scheduler version: 2.3.2
2021-11-26 15:23:14,262 [main] INFO  [org.quartz.core.QuartzScheduler] QuartzScheduler.java:2293 - JobFactory set to: org.springframework.scheduling.quartz.SpringBeanJobFactory@1a07bf6
2021-11-26 15:23:14,271 [main] INFO  [o.s.scheduling.concurrent.ThreadPoolTaskScheduler] ExecutorConfigurationSupport.java:181 - Initializing ExecutorService 'taskScheduler'
2021-11-26 15:23:14,457 [main] INFO  [o.s.integration.endpoint.EventDrivenConsumer] EventDrivenConsumer.java:107 - Adding {logging-channel-adapter:_org.springframework.integration.errorLogger} as a subscriber to the 'errorChannel' channel
2021-11-26 15:23:14,457 [main] INFO  [o.s.integration.channel.PublishSubscribeChannel] AbstractSubscribableChannel.java:64 - Channel 'application.errorChannel' has 1 subscriber(s).
2021-11-26 15:23:14,458 [main] INFO  [o.s.integration.endpoint.EventDrivenConsumer] AbstractEndpoint.java:159 - started bean '_org.springframework.integration.errorLogger'
2021-11-26 15:23:14,458 [main] INFO  [org.apache.coyote.http11.Http11NioProtocol] DirectJDKLog.java:173 - Starting ProtocolHandler ["http-nio-8080"]
2021-11-26 15:23:14,485 [main] INFO  [o.s.boot.web.embedded.tomcat.TomcatWebServer] TomcatWebServer.java:220 - Tomcat started on port(s): 8080 (http) with context path ''
2021-11-26 15:23:14,487 [main] INFO  [o.s.scheduling.quartz.SchedulerFactoryBean] SchedulerFactoryBean.java:727 - Starting Quartz Scheduler now
2021-11-26 15:23:14,487 [main] INFO  [org.quartz.core.QuartzScheduler] QuartzScheduler.java:547 - Scheduler quartzScheduler_$_NON_CLUSTERED started.
2021-11-26 15:23:14,503 [main] INFO  [com.xtd.ybls.SpringBootTestApplication] StartupInfoLogger.java:61 - Started SpringBootTestApplication in 4.278 seconds (JVM running for 4.792)
2021-11-26 15:23:37,129 [SpringContextShutdownHook] INFO  [org.quartz.core.QuartzScheduler] QuartzScheduler.java:585 - Scheduler quartzScheduler_$_NON_CLUSTERED paused.
2021-11-26 15:23:37,459 [SpringContextShutdownHook] INFO  [o.s.integration.endpoint.EventDrivenConsumer] EventDrivenConsumer.java:107 - Removing {logging-channel-adapter:_org.springframework.integration.errorLogger} as a subscriber to the 'errorChannel' channel
2021-11-26 15:23:37,460 [SpringContextShutdownHook] INFO  [o.s.integration.channel.PublishSubscribeChannel] AbstractSubscribableChannel.java:64 - Channel 'application.errorChannel' has 0 subscriber(s).
2021-11-26 15:23:37,460 [SpringContextShutdownHook] INFO  [o.s.integration.endpoint.EventDrivenConsumer] AbstractEndpoint.java:193 - stopped bean '_org.springframework.integration.errorLogger'
2021-11-26 15:23:37,461 [SpringContextShutdownHook] INFO  [o.s.scheduling.concurrent.ThreadPoolTaskScheduler] ExecutorConfigurationSupport.java:218 - Shutting down ExecutorService 'taskScheduler'
2021-11-26 15:23:37,461 [SpringContextShutdownHook] INFO  [o.s.scheduling.quartz.SchedulerFactoryBean] SchedulerFactoryBean.java:845 - Shutting down Quartz Scheduler
2021-11-26 15:23:37,461 [SpringContextShutdownHook] INFO  [org.quartz.core.QuartzScheduler] QuartzScheduler.java:666 - Scheduler quartzScheduler_$_NON_CLUSTERED shutting down.
2021-11-26 15:23:37,461 [SpringContextShutdownHook] INFO  [org.quartz.core.QuartzScheduler] QuartzScheduler.java:585 - Scheduler quartzScheduler_$_NON_CLUSTERED paused.
2021-11-26 15:23:37,462 [SpringContextShutdownHook] INFO  [org.quartz.core.QuartzScheduler] QuartzScheduler.java:740 - Scheduler quartzScheduler_$_NON_CLUSTERED shutdown complete.
2021-11-26 15:23:37,462 [SpringContextShutdownHook] INFO  [o.s.scheduling.concurrent.ThreadPoolTaskExecutor] ExecutorConfigurationSupport.java:218 - Shutting down ExecutorService 'applicationTaskExecutor'
2021-11-26 15:23:37,463 [SpringContextShutdownHook] INFO  [c.b.dynamic.datasource.DynamicRoutingDataSource] DynamicRoutingDataSource.java:184 - dynamic-datasource start closing ....
2021-11-26 15:23:37,466 [SpringContextShutdownHook] INFO  [com.alibaba.druid.pool.DruidDataSource] DruidDataSource.java:1965 - {dataSource-3} closing ...
2021-11-26 15:23:37,467 [SpringContextShutdownHook] INFO  [com.alibaba.druid.pool.DruidDataSource] DruidDataSource.java:2037 - {dataSource-3} closed
2021-11-26 15:23:37,467 [SpringContextShutdownHook] INFO  [com.alibaba.druid.pool.DruidDataSource] DruidDataSource.java:1965 - {dataSource-2} closing ...
2021-11-26 15:23:37,467 [SpringContextShutdownHook] INFO  [com.alibaba.druid.pool.DruidDataSource] DruidDataSource.java:2037 - {dataSource-2} closed
2021-11-26 15:23:37,467 [SpringContextShutdownHook] INFO  [com.alibaba.druid.pool.DruidDataSource] DruidDataSource.java:1965 - {dataSource-1} closing ...
2021-11-26 15:23:37,468 [SpringContextShutdownHook] INFO  [com.alibaba.druid.pool.DruidDataSource] DruidDataSource.java:2037 - {dataSource-1} closed
2021-11-26 15:23:37,469 [SpringContextShutdownHook] INFO  [c.b.dynamic.datasource.DynamicRoutingDataSource] DynamicRoutingDataSource.java:200 - dynamic-datasource all closed success,bye
2021-11-26 15:23:41,232 [main] INFO  [com.xtd.ybls.SpringBootTestApplication] StartupInfoLogger.java:55 - Starting SpringBootTestApplication on DESKTOP-SE4DV0T with PID 14820 (D:\workspace\YBLS\target\classes started by frn in D:\workspace\YBLS)
2021-11-26 15:23:41,235 [main] INFO  [com.xtd.ybls.SpringBootTestApplication] SpringApplication.java:651 - No active profile set, falling back to default profiles: default
2021-11-26 15:23:42,142 [main] WARN  [org.mybatis.spring.mapper.ClassPathMapperScanner] Logger.java:44 - Skipping MapperFactoryBean with name 'userMapper' and 'com.xtd.ybls.dao.UserMapper' mapperInterface. Bean already defined with the same name!
2021-11-26 15:23:42,143 [main] WARN  [org.mybatis.spring.mapper.ClassPathMapperScanner] Logger.java:44 - No MyBatis mapper was found in '[com.xtd.ybls.dao]' package. Please check your configuration.
2021-11-26 15:23:42,246 [main] INFO  [o.s.i.c.DefaultConfiguringBeanFactoryPostProcessor] DefaultConfiguringBeanFactoryPostProcessor.java:213 - No bean named 'errorChannel' has been explicitly defined. Therefore, a default PublishSubscribeChannel will be created.
2021-11-26 15:23:42,258 [main] INFO  [o.s.i.c.DefaultConfiguringBeanFactoryPostProcessor] DefaultConfiguringBeanFactoryPostProcessor.java:460 - No bean named 'integrationHeaderChannelRegistry' has been explicitly defined. Therefore, a default DefaultHeaderChannelRegistry will be created.
2021-11-26 15:23:42,284 [main] INFO  [o.s.c.s.PostProcessorRegistrationDelegate$BeanPostProcessorChecker] PostProcessorRegistrationDelegate.java:335 - Bean 'shiroConfig' of type [com.xtd.ybls.config.shiroConfig$$EnhancerBySpringCGLIB$$8dad5507] is not eligible for getting processed by all BeanPostProcessors (for example: not eligible for auto-proxying)
2021-11-26 15:23:42,796 [main] INFO  [o.s.c.s.PostProcessorRegistrationDelegate$BeanPostProcessorChecker] PostProcessorRegistrationDelegate.java:335 - Bean 'mybatis-plus-com.baomidou.mybatisplus.autoconfigure.MybatisPlusProperties' of type [com.baomidou.mybatisplus.autoconfigure.MybatisPlusProperties] is not eligible for getting processed by all BeanPostProcessors (for example: not eligible for auto-proxying)
2021-11-26 15:23:42,803 [main] INFO  [o.s.c.s.PostProcessorRegistrationDelegate$BeanPostProcessorChecker] PostProcessorRegistrationDelegate.java:335 - Bean 'com.baomidou.mybatisplus.autoconfigure.MybatisPlusAutoConfiguration' of type [com.baomidou.mybatisplus.autoconfigure.MybatisPlusAutoConfiguration$$EnhancerBySpringCGLIB$$803d7aa] is not eligible for getting processed by all BeanPostProcessors (for example: not eligible for auto-proxying)
2021-11-26 15:23:42,821 [main] INFO  [o.s.c.s.PostProcessorRegistrationDelegate$BeanPostProcessorChecker] PostProcessorRegistrationDelegate.java:335 - Bean 'spring.datasource.dynamic-com.baomidou.dynamic.datasource.spring.boot.autoconfigure.DynamicDataSourceProperties' of type [com.baomidou.dynamic.datasource.spring.boot.autoconfigure.DynamicDataSourceProperties] is not eligible for getting processed by all BeanPostProcessors (for example: not eligible for auto-proxying)
2021-11-26 15:23:42,823 [main] INFO  [o.s.c.s.PostProcessorRegistrationDelegate$BeanPostProcessorChecker] PostProcessorRegistrationDelegate.java:335 - Bean 'com.baomidou.dynamic.datasource.spring.boot.autoconfigure.DynamicDataSourceAutoConfiguration' of type [com.baomidou.dynamic.datasource.spring.boot.autoconfigure.DynamicDataSourceAutoConfiguration$$EnhancerBySpringCGLIB$$33c9dbe1] is not eligible for getting processed by all BeanPostProcessors (for example: not eligible for auto-proxying)
2021-11-26 15:23:42,851 [main] INFO  [o.s.c.s.PostProcessorRegistrationDelegate$BeanPostProcessorChecker] PostProcessorRegistrationDelegate.java:335 - Bean 'dynamicDataSourceCreator' of type [com.baomidou.dynamic.datasource.DynamicDataSourceCreator] is not eligible for getting processed by all BeanPostProcessors (for example: not eligible for auto-proxying)
2021-11-26 15:23:42,852 [main] INFO  [o.s.c.s.PostProcessorRegistrationDelegate$BeanPostProcessorChecker] PostProcessorRegistrationDelegate.java:335 - Bean 'dynamicDataSourceProvider' of type [com.baomidou.dynamic.datasource.provider.YmlDynamicDataSourceProvider] is not eligible for getting processed by all BeanPostProcessors (for example: not eligible for auto-proxying)
2021-11-26 15:23:42,951 [main] INFO  [com.alibaba.druid.pool.DruidDataSource] DruidDataSource.java:1003 - {dataSource-1,shp} inited
2021-11-26 15:23:42,953 [main] INFO  [com.alibaba.druid.pool.DruidDataSource] DruidDataSource.java:1003 - {dataSource-2,dateservice} inited
2021-11-26 15:23:42,983 [main] INFO  [com.alibaba.druid.pool.DruidDataSource] DruidDataSource.java:1003 - {dataSource-3,test} inited
2021-11-26 15:23:42,984 [main] INFO  [c.b.dynamic.datasource.DynamicRoutingDataSource] DynamicRoutingDataSource.java:144 - dynamic-datasource - load a datasource named [test] success
2021-11-26 15:23:42,985 [main] INFO  [c.b.dynamic.datasource.DynamicRoutingDataSource] DynamicRoutingDataSource.java:144 - dynamic-datasource - load a datasource named [dateservice] success
2021-11-26 15:23:42,985 [main] INFO  [c.b.dynamic.datasource.DynamicRoutingDataSource] DynamicRoutingDataSource.java:144 - dynamic-datasource - load a datasource named [shp] success
2021-11-26 15:23:42,986 [main] INFO  [c.b.dynamic.datasource.DynamicRoutingDataSource] DynamicRoutingDataSource.java:216 - dynamic-datasource initial loaded [3] datasource,primary datasource named [shp]
2021-11-26 15:23:42,986 [main] INFO  [o.s.c.s.PostProcessorRegistrationDelegate$BeanPostProcessorChecker] PostProcessorRegistrationDelegate.java:335 - Bean 'dataSource' of type [com.baomidou.dynamic.datasource.DynamicRoutingDataSource] is not eligible for getting processed by all BeanPostProcessors (for example: not eligible for auto-proxying)
2021-11-26 15:23:43,241 [main] INFO  [o.s.c.s.PostProcessorRegistrationDelegate$BeanPostProcessorChecker] PostProcessorRegistrationDelegate.java:335 - Bean 'sqlSessionFactory' of type [org.apache.ibatis.session.defaults.DefaultSqlSessionFactory] is not eligible for getting processed by all BeanPostProcessors (for example: not eligible for auto-proxying)
2021-11-26 15:23:43,247 [main] INFO  [o.s.c.s.PostProcessorRegistrationDelegate$BeanPostProcessorChecker] PostProcessorRegistrationDelegate.java:335 - Bean 'sqlSessionTemplate' of type [org.mybatis.spring.SqlSessionTemplate] is not eligible for getting processed by all BeanPostProcessors (for example: not eligible for auto-proxying)
2021-11-26 15:23:43,248 [main] INFO  [o.s.c.s.PostProcessorRegistrationDelegate$BeanPostProcessorChecker] PostProcessorRegistrationDelegate.java:335 - Bean 'userMapper' of type [org.mybatis.spring.mapper.MapperFactoryBean] is not eligible for getting processed by all BeanPostProcessors (for example: not eligible for auto-proxying)
2021-11-26 15:23:43,249 [main] INFO  [o.s.c.s.PostProcessorRegistrationDelegate$BeanPostProcessorChecker] PostProcessorRegistrationDelegate.java:335 - Bean 'userMapper' of type [com.sun.proxy.$Proxy58] is not eligible for getting processed by all BeanPostProcessors (for example: not eligible for auto-proxying)
2021-11-26 15:23:43,249 [main] INFO  [o.s.c.s.PostProcessorRegistrationDelegate$BeanPostProcessorChecker] PostProcessorRegistrationDelegate.java:335 - Bean 'loginServiceImpl' of type [com.xtd.ybls.service.impl.LoginServiceImpl] is not eligible for getting processed by all BeanPostProcessors (for example: not eligible for auto-proxying)
2021-11-26 15:23:43,250 [main] INFO  [o.s.c.s.PostProcessorRegistrationDelegate$BeanPostProcessorChecker] PostProcessorRegistrationDelegate.java:335 - Bean 'myShiroRealm' of type [com.xtd.ybls.shiro.SecurityRealm] is not eligible for getting processed by all BeanPostProcessors (for example: not eligible for auto-proxying)
2021-11-26 15:23:43,251 [main] INFO  [o.s.c.s.PostProcessorRegistrationDelegate$BeanPostProcessorChecker] PostProcessorRegistrationDelegate.java:335 - Bean 'securityManager' of type [org.apache.shiro.web.mgt.DefaultWebSecurityManager] is not eligible for getting processed by all BeanPostProcessors (for example: not eligible for auto-proxying)
2021-11-26 15:23:43,267 [main] INFO  [o.s.c.s.PostProcessorRegistrationDelegate$BeanPostProcessorChecker] PostProcessorRegistrationDelegate.java:335 - Bean 'authorizationAttributeSourceAdvisor' of type [org.apache.shiro.spring.security.interceptor.AuthorizationAttributeSourceAdvisor] is not eligible for getting processed by all BeanPostProcessors (for example: not eligible for auto-proxying)
2021-11-26 15:23:43,286 [main] INFO  [o.s.c.s.PostProcessorRegistrationDelegate$BeanPostProcessorChecker] PostProcessorRegistrationDelegate.java:335 - Bean 'dsProcessor' of type [com.baomidou.dynamic.datasource.processor.DsHeaderProcessor] is not eligible for getting processed by all BeanPostProcessors (for example: not eligible for auto-proxying)
2021-11-26 15:23:43,294 [main] INFO  [o.s.c.s.PostProcessorRegistrationDelegate$BeanPostProcessorChecker] PostProcessorRegistrationDelegate.java:335 - Bean 'dynamicDatasourceAnnotationAdvisor' of type [com.baomidou.dynamic.datasource.aop.DynamicDataSourceAnnotationAdvisor] is not eligible for getting processed by all BeanPostProcessors (for example: not eligible for auto-proxying)
2021-11-26 15:23:43,410 [main] INFO  [o.s.c.s.PostProcessorRegistrationDelegate$BeanPostProcessorChecker] PostProcessorRegistrationDelegate.java:335 - Bean 'org.springframework.integration.config.IntegrationManagementConfiguration' of type [org.springframework.integration.config.IntegrationManagementConfiguration] is not eligible for getting processed by all BeanPostProcessors (for example: not eligible for auto-proxying)
2021-11-26 15:23:43,427 [main] INFO  [o.s.c.s.PostProcessorRegistrationDelegate$BeanPostProcessorChecker] PostProcessorRegistrationDelegate.java:335 - Bean 'integrationChannelResolver' of type [org.springframework.integration.support.channel.BeanFactoryChannelResolver] is not eligible for getting processed by all BeanPostProcessors (for example: not eligible for auto-proxying)
2021-11-26 15:23:43,432 [main] INFO  [o.s.c.s.PostProcessorRegistrationDelegate$BeanPostProcessorChecker] PostProcessorRegistrationDelegate.java:335 - Bean 'integrationDisposableAutoCreatedBeans' of type [org.springframework.integration.config.annotation.Disposables] is not eligible for getting processed by all BeanPostProcessors (for example: not eligible for auto-proxying)
2021-11-26 15:23:43,769 [main] INFO  [o.s.boot.web.embedded.tomcat.TomcatWebServer] TomcatWebServer.java:108 - Tomcat initialized with port(s): 8080 (http)
2021-11-26 15:23:43,781 [main] INFO  [org.apache.coyote.http11.Http11NioProtocol] DirectJDKLog.java:173 - Initializing ProtocolHandler ["http-nio-8080"]
2021-11-26 15:23:43,782 [main] INFO  [org.apache.catalina.core.StandardService] DirectJDKLog.java:173 - Starting service [Tomcat]
2021-11-26 15:23:43,782 [main] INFO  [org.apache.catalina.core.StandardEngine] DirectJDKLog.java:173 - Starting Servlet engine: [Apache Tomcat/9.0.38]
2021-11-26 15:23:43,887 [main] INFO  [o.a.c.core.ContainerBase.[Tomcat].[localhost].[/]] DirectJDKLog.java:173 - Initializing Spring embedded WebApplicationContext
2021-11-26 15:23:43,888 [main] INFO  [o.s.b.w.s.c.ServletWebServerApplicationContext] ServletWebServerApplicationContext.java:285 - Root WebApplicationContext: initialization completed in 2591 ms
2021-11-26 15:23:44,160 [main] INFO  [o.s.scheduling.concurrent.ThreadPoolTaskExecutor] ExecutorConfigurationSupport.java:181 - Initializing ExecutorService 'applicationTaskExecutor'
2021-11-26 15:23:44,620 [main] INFO  [org.quartz.impl.StdSchedulerFactory] StdSchedulerFactory.java:1220 - Using default implementation for ThreadExecutor
2021-11-26 15:23:44,633 [main] INFO  [org.quartz.core.SchedulerSignalerImpl] SchedulerSignalerImpl.java:61 - Initialized Scheduler Signaller of type: class org.quartz.core.SchedulerSignalerImpl
2021-11-26 15:23:44,633 [main] INFO  [org.quartz.core.QuartzScheduler] QuartzScheduler.java:229 - Quartz Scheduler v.2.3.2 created.
2021-11-26 15:23:44,634 [main] INFO  [org.quartz.simpl.RAMJobStore] RAMJobStore.java:155 - RAMJobStore initialized.
2021-11-26 15:23:44,635 [main] INFO  [org.quartz.core.QuartzScheduler] QuartzScheduler.java:294 - Scheduler meta-data: Quartz Scheduler (v2.3.2) 'quartzScheduler' with instanceId 'NON_CLUSTERED'
  Scheduler class: 'org.quartz.core.QuartzScheduler' - running locally.
  NOT STARTED.
  Currently in standby mode.
  Number of jobs executed: 0
  Using thread pool 'org.quartz.simpl.SimpleThreadPool' - with 10 threads.
  Using job-store 'org.quartz.simpl.RAMJobStore' - which does not support persistence. and is not clustered.

2021-11-26 15:23:44,635 [main] INFO  [org.quartz.impl.StdSchedulerFactory] StdSchedulerFactory.java:1374 - Quartz scheduler 'quartzScheduler' initialized from an externally provided properties instance.
2021-11-26 15:23:44,635 [main] INFO  [org.quartz.impl.StdSchedulerFactory] StdSchedulerFactory.java:1378 - Quartz scheduler version: 2.3.2
2021-11-26 15:23:44,635 [main] INFO  [org.quartz.core.QuartzScheduler] QuartzScheduler.java:2293 - JobFactory set to: org.springframework.scheduling.quartz.SpringBeanJobFactory@d919544
2021-11-26 15:23:44,646 [main] INFO  [o.s.scheduling.concurrent.ThreadPoolTaskScheduler] ExecutorConfigurationSupport.java:181 - Initializing ExecutorService 'taskScheduler'
2021-11-26 15:23:44,815 [main] INFO  [o.s.integration.endpoint.EventDrivenConsumer] EventDrivenConsumer.java:107 - Adding {logging-channel-adapter:_org.springframework.integration.errorLogger} as a subscriber to the 'errorChannel' channel
2021-11-26 15:23:44,816 [main] INFO  [o.s.integration.channel.PublishSubscribeChannel] AbstractSubscribableChannel.java:64 - Channel 'application.errorChannel' has 1 subscriber(s).
2021-11-26 15:23:44,816 [main] INFO  [o.s.integration.endpoint.EventDrivenConsumer] AbstractEndpoint.java:159 - started bean '_org.springframework.integration.errorLogger'
2021-11-26 15:23:44,816 [main] INFO  [org.apache.coyote.http11.Http11NioProtocol] DirectJDKLog.java:173 - Starting ProtocolHandler ["http-nio-8080"]
2021-11-26 15:23:44,844 [main] INFO  [o.s.boot.web.embedded.tomcat.TomcatWebServer] TomcatWebServer.java:220 - Tomcat started on port(s): 8080 (http) with context path ''
2021-11-26 15:23:44,845 [main] INFO  [o.s.scheduling.quartz.SchedulerFactoryBean] SchedulerFactoryBean.java:727 - Starting Quartz Scheduler now
2021-11-26 15:23:44,845 [main] INFO  [org.quartz.core.QuartzScheduler] QuartzScheduler.java:547 - Scheduler quartzScheduler_$_NON_CLUSTERED started.
2021-11-26 15:23:44,858 [main] INFO  [com.xtd.ybls.SpringBootTestApplication] StartupInfoLogger.java:61 - Started SpringBootTestApplication in 4.066 seconds (JVM running for 4.479)
2021-11-26 15:24:14,012 [SpringContextShutdownHook] INFO  [org.quartz.core.QuartzScheduler] QuartzScheduler.java:585 - Scheduler quartzScheduler_$_NON_CLUSTERED paused.
2021-11-26 15:24:14,314 [SpringContextShutdownHook] INFO  [o.s.integration.endpoint.EventDrivenConsumer] EventDrivenConsumer.java:107 - Removing {logging-channel-adapter:_org.springframework.integration.errorLogger} as a subscriber to the 'errorChannel' channel
2021-11-26 15:24:14,315 [SpringContextShutdownHook] INFO  [o.s.integration.channel.PublishSubscribeChannel] AbstractSubscribableChannel.java:64 - Channel 'application.errorChannel' has 0 subscriber(s).
2021-11-26 15:24:14,315 [SpringContextShutdownHook] INFO  [o.s.integration.endpoint.EventDrivenConsumer] AbstractEndpoint.java:193 - stopped bean '_org.springframework.integration.errorLogger'
2021-11-26 15:24:14,316 [SpringContextShutdownHook] INFO  [o.s.scheduling.concurrent.ThreadPoolTaskScheduler] ExecutorConfigurationSupport.java:218 - Shutting down ExecutorService 'taskScheduler'
2021-11-26 15:24:14,317 [SpringContextShutdownHook] INFO  [o.s.scheduling.quartz.SchedulerFactoryBean] SchedulerFactoryBean.java:845 - Shutting down Quartz Scheduler
2021-11-26 15:24:14,317 [SpringContextShutdownHook] INFO  [org.quartz.core.QuartzScheduler] QuartzScheduler.java:666 - Scheduler quartzScheduler_$_NON_CLUSTERED shutting down.
2021-11-26 15:24:14,317 [SpringContextShutdownHook] INFO  [org.quartz.core.QuartzScheduler] QuartzScheduler.java:585 - Scheduler quartzScheduler_$_NON_CLUSTERED paused.
2021-11-26 15:24:14,317 [SpringContextShutdownHook] INFO  [org.quartz.core.QuartzScheduler] QuartzScheduler.java:740 - Scheduler quartzScheduler_$_NON_CLUSTERED shutdown complete.
2021-11-26 15:24:14,318 [SpringContextShutdownHook] INFO  [o.s.scheduling.concurrent.ThreadPoolTaskExecutor] ExecutorConfigurationSupport.java:218 - Shutting down ExecutorService 'applicationTaskExecutor'
2021-11-26 15:24:14,318 [SpringContextShutdownHook] INFO  [c.b.dynamic.datasource.DynamicRoutingDataSource] DynamicRoutingDataSource.java:184 - dynamic-datasource start closing ....
2021-11-26 15:24:14,321 [SpringContextShutdownHook] INFO  [com.alibaba.druid.pool.DruidDataSource] DruidDataSource.java:1965 - {dataSource-3} closing ...
2021-11-26 15:24:14,322 [SpringContextShutdownHook] INFO  [com.alibaba.druid.pool.DruidDataSource] DruidDataSource.java:2037 - {dataSource-3} closed
2021-11-26 15:24:14,322 [SpringContextShutdownHook] INFO  [com.alibaba.druid.pool.DruidDataSource] DruidDataSource.java:1965 - {dataSource-2} closing ...
2021-11-26 15:24:14,322 [SpringContextShutdownHook] INFO  [com.alibaba.druid.pool.DruidDataSource] DruidDataSource.java:2037 - {dataSource-2} closed
2021-11-26 15:24:14,322 [SpringContextShutdownHook] INFO  [com.alibaba.druid.pool.DruidDataSource] DruidDataSource.java:1965 - {dataSource-1} closing ...
2021-11-26 15:24:14,324 [SpringContextShutdownHook] INFO  [com.alibaba.druid.pool.DruidDataSource] DruidDataSource.java:2037 - {dataSource-1} closed
2021-11-26 15:24:14,324 [SpringContextShutdownHook] INFO  [c.b.dynamic.datasource.DynamicRoutingDataSource] DynamicRoutingDataSource.java:200 - dynamic-datasource all closed success,bye
2021-11-26 15:24:19,529 [main] INFO  [com.xtd.ybls.SpringBootTestApplication] StartupInfoLogger.java:55 - Starting SpringBootTestApplication on DESKTOP-SE4DV0T with PID 15764 (D:\workspace\YBLS\target\classes started by frn in D:\workspace\YBLS)
2021-11-26 15:24:19,533 [main] INFO  [com.xtd.ybls.SpringBootTestApplication] SpringApplication.java:651 - No active profile set, falling back to default profiles: default
2021-11-26 15:24:20,423 [main] WARN  [org.mybatis.spring.mapper.ClassPathMapperScanner] Logger.java:44 - Skipping MapperFactoryBean with name 'userMapper' and 'com.xtd.ybls.dao.UserMapper' mapperInterface. Bean already defined with the same name!
2021-11-26 15:24:20,424 [main] WARN  [org.mybatis.spring.mapper.ClassPathMapperScanner] Logger.java:44 - No MyBatis mapper was found in '[com.xtd.ybls.dao]' package. Please check your configuration.
2021-11-26 15:24:20,511 [main] INFO  [o.s.i.c.DefaultConfiguringBeanFactoryPostProcessor] DefaultConfiguringBeanFactoryPostProcessor.java:213 - No bean named 'errorChannel' has been explicitly defined. Therefore, a default PublishSubscribeChannel will be created.
2021-11-26 15:24:20,520 [main] INFO  [o.s.i.c.DefaultConfiguringBeanFactoryPostProcessor] DefaultConfiguringBeanFactoryPostProcessor.java:460 - No bean named 'integrationHeaderChannelRegistry' has been explicitly defined. Therefore, a default DefaultHeaderChannelRegistry will be created.
2021-11-26 15:24:20,541 [main] INFO  [o.s.c.s.PostProcessorRegistrationDelegate$BeanPostProcessorChecker] PostProcessorRegistrationDelegate.java:335 - Bean 'shiroConfig' of type [com.xtd.ybls.config.shiroConfig$$EnhancerBySpringCGLIB$$10c55b3a] is not eligible for getting processed by all BeanPostProcessors (for example: not eligible for auto-proxying)
2021-11-26 15:24:21,042 [main] INFO  [o.s.c.s.PostProcessorRegistrationDelegate$BeanPostProcessorChecker] PostProcessorRegistrationDelegate.java:335 - Bean 'mybatis-plus-com.baomidou.mybatisplus.autoconfigure.MybatisPlusProperties' of type [com.baomidou.mybatisplus.autoconfigure.MybatisPlusProperties] is not eligible for getting processed by all BeanPostProcessors (for example: not eligible for auto-proxying)
2021-11-26 15:24:21,051 [main] INFO  [o.s.c.s.PostProcessorRegistrationDelegate$BeanPostProcessorChecker] PostProcessorRegistrationDelegate.java:335 - Bean 'com.baomidou.mybatisplus.autoconfigure.MybatisPlusAutoConfiguration' of type [com.baomidou.mybatisplus.autoconfigure.MybatisPlusAutoConfiguration$$EnhancerBySpringCGLIB$$8b1bdddd] is not eligible for getting processed by all BeanPostProcessors (for example: not eligible for auto-proxying)
2021-11-26 15:24:21,075 [main] INFO  [o.s.c.s.PostProcessorRegistrationDelegate$BeanPostProcessorChecker] PostProcessorRegistrationDelegate.java:335 - Bean 'spring.datasource.dynamic-com.baomidou.dynamic.datasource.spring.boot.autoconfigure.DynamicDataSourceProperties' of type [com.baomidou.dynamic.datasource.spring.boot.autoconfigure.DynamicDataSourceProperties] is not eligible for getting processed by all BeanPostProcessors (for example: not eligible for auto-proxying)
2021-11-26 15:24:21,078 [main] INFO  [o.s.c.s.PostProcessorRegistrationDelegate$BeanPostProcessorChecker] PostProcessorRegistrationDelegate.java:335 - Bean 'com.baomidou.dynamic.datasource.spring.boot.autoconfigure.DynamicDataSourceAutoConfiguration' of type [com.baomidou.dynamic.datasource.spring.boot.autoconfigure.DynamicDataSourceAutoConfiguration$$EnhancerBySpringCGLIB$$b6e1e214] is not eligible for getting processed by all BeanPostProcessors (for example: not eligible for auto-proxying)
2021-11-26 15:24:21,106 [main] INFO  [o.s.c.s.PostProcessorRegistrationDelegate$BeanPostProcessorChecker] PostProcessorRegistrationDelegate.java:335 - Bean 'dynamicDataSourceCreator' of type [com.baomidou.dynamic.datasource.DynamicDataSourceCreator] is not eligible for getting processed by all BeanPostProcessors (for example: not eligible for auto-proxying)
2021-11-26 15:24:21,107 [main] INFO  [o.s.c.s.PostProcessorRegistrationDelegate$BeanPostProcessorChecker] PostProcessorRegistrationDelegate.java:335 - Bean 'dynamicDataSourceProvider' of type [com.baomidou.dynamic.datasource.provider.YmlDynamicDataSourceProvider] is not eligible for getting processed by all BeanPostProcessors (for example: not eligible for auto-proxying)
2021-11-26 15:24:21,208 [main] INFO  [com.alibaba.druid.pool.DruidDataSource] DruidDataSource.java:1003 - {dataSource-1,shp} inited
2021-11-26 15:24:21,211 [main] INFO  [com.alibaba.druid.pool.DruidDataSource] DruidDataSource.java:1003 - {dataSource-2,dateservice} inited
2021-11-26 15:24:21,240 [main] INFO  [com.alibaba.druid.pool.DruidDataSource] DruidDataSource.java:1003 - {dataSource-3,test} inited
2021-11-26 15:24:21,240 [main] INFO  [c.b.dynamic.datasource.DynamicRoutingDataSource] DynamicRoutingDataSource.java:144 - dynamic-datasource - load a datasource named [test] success
2021-11-26 15:24:21,242 [main] INFO  [c.b.dynamic.datasource.DynamicRoutingDataSource] DynamicRoutingDataSource.java:144 - dynamic-datasource - load a datasource named [dateservice] success
2021-11-26 15:24:21,243 [main] INFO  [c.b.dynamic.datasource.DynamicRoutingDataSource] DynamicRoutingDataSource.java:144 - dynamic-datasource - load a datasource named [shp] success
2021-11-26 15:24:21,244 [main] INFO  [c.b.dynamic.datasource.DynamicRoutingDataSource] DynamicRoutingDataSource.java:216 - dynamic-datasource initial loaded [3] datasource,primary datasource named [shp]
2021-11-26 15:24:21,244 [main] INFO  [o.s.c.s.PostProcessorRegistrationDelegate$BeanPostProcessorChecker] PostProcessorRegistrationDelegate.java:335 - Bean 'dataSource' of type [com.baomidou.dynamic.datasource.DynamicRoutingDataSource] is not eligible for getting processed by all BeanPostProcessors (for example: not eligible for auto-proxying)
2021-11-26 15:24:21,485 [main] INFO  [o.s.c.s.PostProcessorRegistrationDelegate$BeanPostProcessorChecker] PostProcessorRegistrationDelegate.java:335 - Bean 'sqlSessionFactory' of type [org.apache.ibatis.session.defaults.DefaultSqlSessionFactory] is not eligible for getting processed by all BeanPostProcessors (for example: not eligible for auto-proxying)
2021-11-26 15:24:21,491 [main] INFO  [o.s.c.s.PostProcessorRegistrationDelegate$BeanPostProcessorChecker] PostProcessorRegistrationDelegate.java:335 - Bean 'sqlSessionTemplate' of type [org.mybatis.spring.SqlSessionTemplate] is not eligible for getting processed by all BeanPostProcessors (for example: not eligible for auto-proxying)
2021-11-26 15:24:21,493 [main] INFO  [o.s.c.s.PostProcessorRegistrationDelegate$BeanPostProcessorChecker] PostProcessorRegistrationDelegate.java:335 - Bean 'userMapper' of type [org.mybatis.spring.mapper.MapperFactoryBean] is not eligible for getting processed by all BeanPostProcessors (for example: not eligible for auto-proxying)
2021-11-26 15:24:21,494 [main] INFO  [o.s.c.s.PostProcessorRegistrationDelegate$BeanPostProcessorChecker] PostProcessorRegistrationDelegate.java:335 - Bean 'userMapper' of type [com.sun.proxy.$Proxy58] is not eligible for getting processed by all BeanPostProcessors (for example: not eligible for auto-proxying)
2021-11-26 15:24:21,495 [main] INFO  [o.s.c.s.PostProcessorRegistrationDelegate$BeanPostProcessorChecker] PostProcessorRegistrationDelegate.java:335 - Bean 'loginServiceImpl' of type [com.xtd.ybls.service.impl.LoginServiceImpl] is not eligible for getting processed by all BeanPostProcessors (for example: not eligible for auto-proxying)
2021-11-26 15:24:21,496 [main] INFO  [o.s.c.s.PostProcessorRegistrationDelegate$BeanPostProcessorChecker] PostProcessorRegistrationDelegate.java:335 - Bean 'myShiroRealm' of type [com.xtd.ybls.shiro.SecurityRealm] is not eligible for getting processed by all BeanPostProcessors (for example: not eligible for auto-proxying)
2021-11-26 15:24:21,498 [main] INFO  [o.s.c.s.PostProcessorRegistrationDelegate$BeanPostProcessorChecker] PostProcessorRegistrationDelegate.java:335 - Bean 'securityManager' of type [org.apache.shiro.web.mgt.DefaultWebSecurityManager] is not eligible for getting processed by all BeanPostProcessors (for example: not eligible for auto-proxying)
2021-11-26 15:24:21,514 [main] INFO  [o.s.c.s.PostProcessorRegistrationDelegate$BeanPostProcessorChecker] PostProcessorRegistrationDelegate.java:335 - Bean 'authorizationAttributeSourceAdvisor' of type [org.apache.shiro.spring.security.interceptor.AuthorizationAttributeSourceAdvisor] is not eligible for getting processed by all BeanPostProcessors (for example: not eligible for auto-proxying)
2021-11-26 15:24:21,532 [main] INFO  [o.s.c.s.PostProcessorRegistrationDelegate$BeanPostProcessorChecker] PostProcessorRegistrationDelegate.java:335 - Bean 'dsProcessor' of type [com.baomidou.dynamic.datasource.processor.DsHeaderProcessor] is not eligible for getting processed by all BeanPostProcessors (for example: not eligible for auto-proxying)
2021-11-26 15:24:21,541 [main] INFO  [o.s.c.s.PostProcessorRegistrationDelegate$BeanPostProcessorChecker] PostProcessorRegistrationDelegate.java:335 - Bean 'dynamicDatasourceAnnotationAdvisor' of type [com.baomidou.dynamic.datasource.aop.DynamicDataSourceAnnotationAdvisor] is not eligible for getting processed by all BeanPostProcessors (for example: not eligible for auto-proxying)
2021-11-26 15:24:21,656 [main] INFO  [o.s.c.s.PostProcessorRegistrationDelegate$BeanPostProcessorChecker] PostProcessorRegistrationDelegate.java:335 - Bean 'org.springframework.integration.config.IntegrationManagementConfiguration' of type [org.springframework.integration.config.IntegrationManagementConfiguration] is not eligible for getting processed by all BeanPostProcessors (for example: not eligible for auto-proxying)
2021-11-26 15:24:21,671 [main] INFO  [o.s.c.s.PostProcessorRegistrationDelegate$BeanPostProcessorChecker] PostProcessorRegistrationDelegate.java:335 - Bean 'integrationChannelResolver' of type [org.springframework.integration.support.channel.BeanFactoryChannelResolver] is not eligible for getting processed by all BeanPostProcessors (for example: not eligible for auto-proxying)
2021-11-26 15:24:21,674 [main] INFO  [o.s.c.s.PostProcessorRegistrationDelegate$BeanPostProcessorChecker] PostProcessorRegistrationDelegate.java:335 - Bean 'integrationDisposableAutoCreatedBeans' of type [org.springframework.integration.config.annotation.Disposables] is not eligible for getting processed by all BeanPostProcessors (for example: not eligible for auto-proxying)
2021-11-26 15:24:22,082 [main] INFO  [o.s.boot.web.embedded.tomcat.TomcatWebServer] TomcatWebServer.java:108 - Tomcat initialized with port(s): 8080 (http)
2021-11-26 15:24:22,092 [main] INFO  [org.apache.coyote.http11.Http11NioProtocol] DirectJDKLog.java:173 - Initializing ProtocolHandler ["http-nio-8080"]
2021-11-26 15:24:22,093 [main] INFO  [org.apache.catalina.core.StandardService] DirectJDKLog.java:173 - Starting service [Tomcat]
2021-11-26 15:24:22,094 [main] INFO  [org.apache.catalina.core.StandardEngine] DirectJDKLog.java:173 - Starting Servlet engine: [Apache Tomcat/9.0.38]
2021-11-26 15:24:22,193 [main] INFO  [o.a.c.core.ContainerBase.[Tomcat].[localhost].[/]] DirectJDKLog.java:173 - Initializing Spring embedded WebApplicationContext
2021-11-26 15:24:22,193 [main] INFO  [o.s.b.w.s.c.ServletWebServerApplicationContext] ServletWebServerApplicationContext.java:285 - Root WebApplicationContext: initialization completed in 2601 ms
2021-11-26 15:24:22,455 [main] INFO  [o.s.scheduling.concurrent.ThreadPoolTaskExecutor] ExecutorConfigurationSupport.java:181 - Initializing ExecutorService 'applicationTaskExecutor'
2021-11-26 15:24:22,936 [main] INFO  [org.quartz.impl.StdSchedulerFactory] StdSchedulerFactory.java:1220 - Using default implementation for ThreadExecutor
2021-11-26 15:24:22,952 [main] INFO  [org.quartz.core.SchedulerSignalerImpl] SchedulerSignalerImpl.java:61 - Initialized Scheduler Signaller of type: class org.quartz.core.SchedulerSignalerImpl
2021-11-26 15:24:22,952 [main] INFO  [org.quartz.core.QuartzScheduler] QuartzScheduler.java:229 - Quartz Scheduler v.2.3.2 created.
2021-11-26 15:24:22,953 [main] INFO  [org.quartz.simpl.RAMJobStore] RAMJobStore.java:155 - RAMJobStore initialized.
2021-11-26 15:24:22,953 [main] INFO  [org.quartz.core.QuartzScheduler] QuartzScheduler.java:294 - Scheduler meta-data: Quartz Scheduler (v2.3.2) 'quartzScheduler' with instanceId 'NON_CLUSTERED'
  Scheduler class: 'org.quartz.core.QuartzScheduler' - running locally.
  NOT STARTED.
  Currently in standby mode.
  Number of jobs executed: 0
  Using thread pool 'org.quartz.simpl.SimpleThreadPool' - with 10 threads.
  Using job-store 'org.quartz.simpl.RAMJobStore' - which does not support persistence. and is not clustered.

2021-11-26 15:24:22,953 [main] INFO  [org.quartz.impl.StdSchedulerFactory] StdSchedulerFactory.java:1374 - Quartz scheduler 'quartzScheduler' initialized from an externally provided properties instance.
2021-11-26 15:24:22,954 [main] INFO  [org.quartz.impl.StdSchedulerFactory] StdSchedulerFactory.java:1378 - Quartz scheduler version: 2.3.2
2021-11-26 15:24:22,954 [main] INFO  [org.quartz.core.QuartzScheduler] QuartzScheduler.java:2293 - JobFactory set to: org.springframework.scheduling.quartz.SpringBeanJobFactory@f29353f
2021-11-26 15:24:22,965 [main] INFO  [o.s.scheduling.concurrent.ThreadPoolTaskScheduler] ExecutorConfigurationSupport.java:181 - Initializing ExecutorService 'taskScheduler'
2021-11-26 15:24:23,148 [main] INFO  [o.s.integration.endpoint.EventDrivenConsumer] EventDrivenConsumer.java:107 - Adding {logging-channel-adapter:_org.springframework.integration.errorLogger} as a subscriber to the 'errorChannel' channel
2021-11-26 15:24:23,149 [main] INFO  [o.s.integration.channel.PublishSubscribeChannel] AbstractSubscribableChannel.java:64 - Channel 'application.errorChannel' has 1 subscriber(s).
2021-11-26 15:24:23,149 [main] INFO  [o.s.integration.endpoint.EventDrivenConsumer] AbstractEndpoint.java:159 - started bean '_org.springframework.integration.errorLogger'
2021-11-26 15:24:23,150 [main] INFO  [org.apache.coyote.http11.Http11NioProtocol] DirectJDKLog.java:173 - Starting ProtocolHandler ["http-nio-8080"]
2021-11-26 15:24:23,187 [main] INFO  [o.s.boot.web.embedded.tomcat.TomcatWebServer] TomcatWebServer.java:220 - Tomcat started on port(s): 8080 (http) with context path ''
2021-11-26 15:24:23,188 [main] INFO  [o.s.scheduling.quartz.SchedulerFactoryBean] SchedulerFactoryBean.java:727 - Starting Quartz Scheduler now
2021-11-26 15:24:23,189 [main] INFO  [org.quartz.core.QuartzScheduler] QuartzScheduler.java:547 - Scheduler quartzScheduler_$_NON_CLUSTERED started.
2021-11-26 15:24:23,204 [main] INFO  [com.xtd.ybls.SpringBootTestApplication] StartupInfoLogger.java:61 - Started SpringBootTestApplication in 4.112 seconds (JVM running for 4.519)
2021-11-26 15:25:03,146 [SpringContextShutdownHook] INFO  [org.quartz.core.QuartzScheduler] QuartzScheduler.java:585 - Scheduler quartzScheduler_$_NON_CLUSTERED paused.
2021-11-26 15:25:03,484 [SpringContextShutdownHook] INFO  [o.s.integration.endpoint.EventDrivenConsumer] EventDrivenConsumer.java:107 - Removing {logging-channel-adapter:_org.springframework.integration.errorLogger} as a subscriber to the 'errorChannel' channel
2021-11-26 15:25:03,484 [SpringContextShutdownHook] INFO  [o.s.integration.channel.PublishSubscribeChannel] AbstractSubscribableChannel.java:64 - Channel 'application.errorChannel' has 0 subscriber(s).
2021-11-26 15:25:03,484 [SpringContextShutdownHook] INFO  [o.s.integration.endpoint.EventDrivenConsumer] AbstractEndpoint.java:193 - stopped bean '_org.springframework.integration.errorLogger'
2021-11-26 15:25:03,485 [SpringContextShutdownHook] INFO  [o.s.scheduling.concurrent.ThreadPoolTaskScheduler] ExecutorConfigurationSupport.java:218 - Shutting down ExecutorService 'taskScheduler'
2021-11-26 15:25:03,485 [SpringContextShutdownHook] INFO  [o.s.scheduling.quartz.SchedulerFactoryBean] SchedulerFactoryBean.java:845 - Shutting down Quartz Scheduler
2021-11-26 15:25:03,486 [SpringContextShutdownHook] INFO  [org.quartz.core.QuartzScheduler] QuartzScheduler.java:666 - Scheduler quartzScheduler_$_NON_CLUSTERED shutting down.
2021-11-26 15:25:03,486 [SpringContextShutdownHook] INFO  [org.quartz.core.QuartzScheduler] QuartzScheduler.java:585 - Scheduler quartzScheduler_$_NON_CLUSTERED paused.
2021-11-26 15:25:03,486 [SpringContextShutdownHook] INFO  [org.quartz.core.QuartzScheduler] QuartzScheduler.java:740 - Scheduler quartzScheduler_$_NON_CLUSTERED shutdown complete.
2021-11-26 15:25:03,487 [SpringContextShutdownHook] INFO  [o.s.scheduling.concurrent.ThreadPoolTaskExecutor] ExecutorConfigurationSupport.java:218 - Shutting down ExecutorService 'applicationTaskExecutor'
2021-11-26 15:25:03,487 [SpringContextShutdownHook] INFO  [c.b.dynamic.datasource.DynamicRoutingDataSource] DynamicRoutingDataSource.java:184 - dynamic-datasource start closing ....
2021-11-26 15:25:03,492 [SpringContextShutdownHook] INFO  [com.alibaba.druid.pool.DruidDataSource] DruidDataSource.java:1965 - {dataSource-3} closing ...
2021-11-26 15:25:03,493 [SpringContextShutdownHook] INFO  [com.alibaba.druid.pool.DruidDataSource] DruidDataSource.java:2037 - {dataSource-3} closed
2021-11-26 15:25:03,493 [SpringContextShutdownHook] INFO  [com.alibaba.druid.pool.DruidDataSource] DruidDataSource.java:1965 - {dataSource-2} closing ...
2021-11-26 15:25:03,493 [SpringContextShutdownHook] INFO  [com.alibaba.druid.pool.DruidDataSource] DruidDataSource.java:2037 - {dataSource-2} closed
2021-11-26 15:25:03,493 [SpringContextShutdownHook] INFO  [com.alibaba.druid.pool.DruidDataSource] DruidDataSource.java:1965 - {dataSource-1} closing ...
2021-11-26 15:25:03,495 [SpringContextShutdownHook] INFO  [com.alibaba.druid.pool.DruidDataSource] DruidDataSource.java:2037 - {dataSource-1} closed
2021-11-26 15:25:03,495 [SpringContextShutdownHook] INFO  [c.b.dynamic.datasource.DynamicRoutingDataSource] DynamicRoutingDataSource.java:200 - dynamic-datasource all closed success,bye
2021-11-26 15:25:09,858 [main] INFO  [com.xtd.ybls.SpringBootTestApplication] StartupInfoLogger.java:55 - Starting SpringBootTestApplication on DESKTOP-SE4DV0T with PID 8628 (D:\workspace\YBLS\target\classes started by frn in D:\workspace\YBLS)
2021-11-26 15:25:09,861 [main] INFO  [com.xtd.ybls.SpringBootTestApplication] SpringApplication.java:651 - No active profile set, falling back to default profiles: default
2021-11-26 15:25:10,753 [main] WARN  [org.mybatis.spring.mapper.ClassPathMapperScanner] Logger.java:44 - Skipping MapperFactoryBean with name 'userMapper' and 'com.xtd.ybls.dao.UserMapper' mapperInterface. Bean already defined with the same name!
2021-11-26 15:25:10,753 [main] WARN  [org.mybatis.spring.mapper.ClassPathMapperScanner] Logger.java:44 - No MyBatis mapper was found in '[com.xtd.ybls.dao]' package. Please check your configuration.
2021-11-26 15:25:10,835 [main] INFO  [o.s.i.c.DefaultConfiguringBeanFactoryPostProcessor] DefaultConfiguringBeanFactoryPostProcessor.java:213 - No bean named 'errorChannel' has been explicitly defined. Therefore, a default PublishSubscribeChannel will be created.
2021-11-26 15:25:10,844 [main] INFO  [o.s.i.c.DefaultConfiguringBeanFactoryPostProcessor] DefaultConfiguringBeanFactoryPostProcessor.java:460 - No bean named 'integrationHeaderChannelRegistry' has been explicitly defined. Therefore, a default DefaultHeaderChannelRegistry will be created.
2021-11-26 15:25:10,865 [main] INFO  [o.s.c.s.PostProcessorRegistrationDelegate$BeanPostProcessorChecker] PostProcessorRegistrationDelegate.java:335 - Bean 'shiroConfig' of type [com.xtd.ybls.config.shiroConfig$$EnhancerBySpringCGLIB$$6531cc3d] is not eligible for getting processed by all BeanPostProcessors (for example: not eligible for auto-proxying)
2021-11-26 15:25:11,388 [main] INFO  [o.s.c.s.PostProcessorRegistrationDelegate$BeanPostProcessorChecker] PostProcessorRegistrationDelegate.java:335 - Bean 'mybatis-plus-com.baomidou.mybatisplus.autoconfigure.MybatisPlusProperties' of type [com.baomidou.mybatisplus.autoconfigure.MybatisPlusProperties] is not eligible for getting processed by all BeanPostProcessors (for example: not eligible for auto-proxying)
2021-11-26 15:25:11,397 [main] INFO  [o.s.c.s.PostProcessorRegistrationDelegate$BeanPostProcessorChecker] PostProcessorRegistrationDelegate.java:335 - Bean 'com.baomidou.mybatisplus.autoconfigure.MybatisPlusAutoConfiguration' of type [com.baomidou.mybatisplus.autoconfigure.MybatisPlusAutoConfiguration$$EnhancerBySpringCGLIB$$df884ee0] is not eligible for getting processed by all BeanPostProcessors (for example: not eligible for auto-proxying)
2021-11-26 15:25:11,415 [main] INFO  [o.s.c.s.PostProcessorRegistrationDelegate$BeanPostProcessorChecker] PostProcessorRegistrationDelegate.java:335 - Bean 'spring.datasource.dynamic-com.baomidou.dynamic.datasource.spring.boot.autoconfigure.DynamicDataSourceProperties' of type [com.baomidou.dynamic.datasource.spring.boot.autoconfigure.DynamicDataSourceProperties] is not eligible for getting processed by all BeanPostProcessors (for example: not eligible for auto-proxying)
2021-11-26 15:25:11,417 [main] INFO  [o.s.c.s.PostProcessorRegistrationDelegate$BeanPostProcessorChecker] PostProcessorRegistrationDelegate.java:335 - Bean 'com.baomidou.dynamic.datasource.spring.boot.autoconfigure.DynamicDataSourceAutoConfiguration' of type [com.baomidou.dynamic.datasource.spring.boot.autoconfigure.DynamicDataSourceAutoConfiguration$$EnhancerBySpringCGLIB$$b4e5317] is not eligible for getting processed by all BeanPostProcessors (for example: not eligible for auto-proxying)
2021-11-26 15:25:11,452 [main] INFO  [o.s.c.s.PostProcessorRegistrationDelegate$BeanPostProcessorChecker] PostProcessorRegistrationDelegate.java:335 - Bean 'dynamicDataSourceCreator' of type [com.baomidou.dynamic.datasource.DynamicDataSourceCreator] is not eligible for getting processed by all BeanPostProcessors (for example: not eligible for auto-proxying)
2021-11-26 15:25:11,454 [main] INFO  [o.s.c.s.PostProcessorRegistrationDelegate$BeanPostProcessorChecker] PostProcessorRegistrationDelegate.java:335 - Bean 'dynamicDataSourceProvider' of type [com.baomidou.dynamic.datasource.provider.YmlDynamicDataSourceProvider] is not eligible for getting processed by all BeanPostProcessors (for example: not eligible for auto-proxying)
2021-11-26 15:25:11,580 [main] INFO  [com.alibaba.druid.pool.DruidDataSource] DruidDataSource.java:1003 - {dataSource-1,shp} inited
2021-11-26 15:25:11,582 [main] INFO  [com.alibaba.druid.pool.DruidDataSource] DruidDataSource.java:1003 - {dataSource-2,dateservice} inited
2021-11-26 15:25:11,644 [main] INFO  [com.alibaba.druid.pool.DruidDataSource] DruidDataSource.java:1003 - {dataSource-3,test} inited
2021-11-26 15:25:11,645 [main] INFO  [c.b.dynamic.datasource.DynamicRoutingDataSource] DynamicRoutingDataSource.java:144 - dynamic-datasource - load a datasource named [test] success
2021-11-26 15:25:11,646 [main] INFO  [c.b.dynamic.datasource.DynamicRoutingDataSource] DynamicRoutingDataSource.java:144 - dynamic-datasource - load a datasource named [dateservice] success
2021-11-26 15:25:11,647 [main] INFO  [c.b.dynamic.datasource.DynamicRoutingDataSource] DynamicRoutingDataSource.java:144 - dynamic-datasource - load a datasource named [shp] success
2021-11-26 15:25:11,647 [main] INFO  [c.b.dynamic.datasource.DynamicRoutingDataSource] DynamicRoutingDataSource.java:216 - dynamic-datasource initial loaded [3] datasource,primary datasource named [shp]
2021-11-26 15:25:11,647 [main] INFO  [o.s.c.s.PostProcessorRegistrationDelegate$BeanPostProcessorChecker] PostProcessorRegistrationDelegate.java:335 - Bean 'dataSource' of type [com.baomidou.dynamic.datasource.DynamicRoutingDataSource] is not eligible for getting processed by all BeanPostProcessors (for example: not eligible for auto-proxying)
2021-11-26 15:25:11,995 [main] INFO  [o.s.c.s.PostProcessorRegistrationDelegate$BeanPostProcessorChecker] PostProcessorRegistrationDelegate.java:335 - Bean 'sqlSessionFactory' of type [org.apache.ibatis.session.defaults.DefaultSqlSessionFactory] is not eligible for getting processed by all BeanPostProcessors (for example: not eligible for auto-proxying)
2021-11-26 15:25:12,000 [main] INFO  [o.s.c.s.PostProcessorRegistrationDelegate$BeanPostProcessorChecker] PostProcessorRegistrationDelegate.java:335 - Bean 'sqlSessionTemplate' of type [org.mybatis.spring.SqlSessionTemplate] is not eligible for getting processed by all BeanPostProcessors (for example: not eligible for auto-proxying)
2021-11-26 15:25:12,001 [main] INFO  [o.s.c.s.PostProcessorRegistrationDelegate$BeanPostProcessorChecker] PostProcessorRegistrationDelegate.java:335 - Bean 'userMapper' of type [org.mybatis.spring.mapper.MapperFactoryBean] is not eligible for getting processed by all BeanPostProcessors (for example: not eligible for auto-proxying)
2021-11-26 15:25:12,002 [main] INFO  [o.s.c.s.PostProcessorRegistrationDelegate$BeanPostProcessorChecker] PostProcessorRegistrationDelegate.java:335 - Bean 'userMapper' of type [com.sun.proxy.$Proxy58] is not eligible for getting processed by all BeanPostProcessors (for example: not eligible for auto-proxying)
2021-11-26 15:25:12,003 [main] INFO  [o.s.c.s.PostProcessorRegistrationDelegate$BeanPostProcessorChecker] PostProcessorRegistrationDelegate.java:335 - Bean 'loginServiceImpl' of type [com.xtd.ybls.service.impl.LoginServiceImpl] is not eligible for getting processed by all BeanPostProcessors (for example: not eligible for auto-proxying)
2021-11-26 15:25:12,003 [main] INFO  [o.s.c.s.PostProcessorRegistrationDelegate$BeanPostProcessorChecker] PostProcessorRegistrationDelegate.java:335 - Bean 'myShiroRealm' of type [com.xtd.ybls.shiro.SecurityRealm] is not eligible for getting processed by all BeanPostProcessors (for example: not eligible for auto-proxying)
2021-11-26 15:25:12,005 [main] INFO  [o.s.c.s.PostProcessorRegistrationDelegate$BeanPostProcessorChecker] PostProcessorRegistrationDelegate.java:335 - Bean 'securityManager' of type [org.apache.shiro.web.mgt.DefaultWebSecurityManager] is not eligible for getting processed by all BeanPostProcessors (for example: not eligible for auto-proxying)
2021-11-26 15:25:12,021 [main] INFO  [o.s.c.s.PostProcessorRegistrationDelegate$BeanPostProcessorChecker] PostProcessorRegistrationDelegate.java:335 - Bean 'authorizationAttributeSourceAdvisor' of type [org.apache.shiro.spring.security.interceptor.AuthorizationAttributeSourceAdvisor] is not eligible for getting processed by all BeanPostProcessors (for example: not eligible for auto-proxying)
2021-11-26 15:25:12,040 [main] INFO  [o.s.c.s.PostProcessorRegistrationDelegate$BeanPostProcessorChecker] PostProcessorRegistrationDelegate.java:335 - Bean 'dsProcessor' of type [com.baomidou.dynamic.datasource.processor.DsHeaderProcessor] is not eligible for getting processed by all BeanPostProcessors (for example: not eligible for auto-proxying)
2021-11-26 15:25:12,048 [main] INFO  [o.s.c.s.PostProcessorRegistrationDelegate$BeanPostProcessorChecker] PostProcessorRegistrationDelegate.java:335 - Bean 'dynamicDatasourceAnnotationAdvisor' of type [com.baomidou.dynamic.datasource.aop.DynamicDataSourceAnnotationAdvisor] is not eligible for getting processed by all BeanPostProcessors (for example: not eligible for auto-proxying)
2021-11-26 15:25:12,243 [main] INFO  [o.s.c.s.PostProcessorRegistrationDelegate$BeanPostProcessorChecker] PostProcessorRegistrationDelegate.java:335 - Bean 'org.springframework.integration.config.IntegrationManagementConfiguration' of type [org.springframework.integration.config.IntegrationManagementConfiguration] is not eligible for getting processed by all BeanPostProcessors (for example: not eligible for auto-proxying)
2021-11-26 15:25:12,257 [main] INFO  [o.s.c.s.PostProcessorRegistrationDelegate$BeanPostProcessorChecker] PostProcessorRegistrationDelegate.java:335 - Bean 'integrationChannelResolver' of type [org.springframework.integration.support.channel.BeanFactoryChannelResolver] is not eligible for getting processed by all BeanPostProcessors (for example: not eligible for auto-proxying)
2021-11-26 15:25:12,262 [main] INFO  [o.s.c.s.PostProcessorRegistrationDelegate$BeanPostProcessorChecker] PostProcessorRegistrationDelegate.java:335 - Bean 'integrationDisposableAutoCreatedBeans' of type [org.springframework.integration.config.annotation.Disposables] is not eligible for getting processed by all BeanPostProcessors (for example: not eligible for auto-proxying)
2021-11-26 15:25:12,768 [main] INFO  [o.s.boot.web.embedded.tomcat.TomcatWebServer] TomcatWebServer.java:108 - Tomcat initialized with port(s): 8080 (http)
2021-11-26 15:25:12,788 [main] INFO  [org.apache.coyote.http11.Http11NioProtocol] DirectJDKLog.java:173 - Initializing ProtocolHandler ["http-nio-8080"]
2021-11-26 15:25:12,790 [main] INFO  [org.apache.catalina.core.StandardService] DirectJDKLog.java:173 - Starting service [Tomcat]
2021-11-26 15:25:12,790 [main] INFO  [org.apache.catalina.core.StandardEngine] DirectJDKLog.java:173 - Starting Servlet engine: [Apache Tomcat/9.0.38]
2021-11-26 15:25:12,913 [main] INFO  [o.a.c.core.ContainerBase.[Tomcat].[localhost].[/]] DirectJDKLog.java:173 - Initializing Spring embedded WebApplicationContext
2021-11-26 15:25:12,914 [main] INFO  [o.s.b.w.s.c.ServletWebServerApplicationContext] ServletWebServerApplicationContext.java:285 - Root WebApplicationContext: initialization completed in 2995 ms
2021-11-26 15:25:13,238 [main] INFO  [o.s.scheduling.concurrent.ThreadPoolTaskExecutor] ExecutorConfigurationSupport.java:181 - Initializing ExecutorService 'applicationTaskExecutor'
2021-11-26 15:25:13,730 [main] INFO  [org.quartz.impl.StdSchedulerFactory] StdSchedulerFactory.java:1220 - Using default implementation for ThreadExecutor
2021-11-26 15:25:13,745 [main] INFO  [org.quartz.core.SchedulerSignalerImpl] SchedulerSignalerImpl.java:61 - Initialized Scheduler Signaller of type: class org.quartz.core.SchedulerSignalerImpl
2021-11-26 15:25:13,746 [main] INFO  [org.quartz.core.QuartzScheduler] QuartzScheduler.java:229 - Quartz Scheduler v.2.3.2 created.
2021-11-26 15:25:13,747 [main] INFO  [org.quartz.simpl.RAMJobStore] RAMJobStore.java:155 - RAMJobStore initialized.
2021-11-26 15:25:13,748 [main] INFO  [org.quartz.core.QuartzScheduler] QuartzScheduler.java:294 - Scheduler meta-data: Quartz Scheduler (v2.3.2) 'quartzScheduler' with instanceId 'NON_CLUSTERED'
  Scheduler class: 'org.quartz.core.QuartzScheduler' - running locally.
  NOT STARTED.
  Currently in standby mode.
  Number of jobs executed: 0
  Using thread pool 'org.quartz.simpl.SimpleThreadPool' - with 10 threads.
  Using job-store 'org.quartz.simpl.RAMJobStore' - which does not support persistence. and is not clustered.

2021-11-26 15:25:13,748 [main] INFO  [org.quartz.impl.StdSchedulerFactory] StdSchedulerFactory.java:1374 - Quartz scheduler 'quartzScheduler' initialized from an externally provided properties instance.
2021-11-26 15:25:13,748 [main] INFO  [org.quartz.impl.StdSchedulerFactory] StdSchedulerFactory.java:1378 - Quartz scheduler version: 2.3.2
2021-11-26 15:25:13,749 [main] INFO  [org.quartz.core.QuartzScheduler] QuartzScheduler.java:2293 - JobFactory set to: org.springframework.scheduling.quartz.SpringBeanJobFactory@79696332
2021-11-26 15:25:13,760 [main] INFO  [o.s.scheduling.concurrent.ThreadPoolTaskScheduler] ExecutorConfigurationSupport.java:181 - Initializing ExecutorService 'taskScheduler'
2021-11-26 15:25:13,975 [main] INFO  [o.s.integration.endpoint.EventDrivenConsumer] EventDrivenConsumer.java:107 - Adding {logging-channel-adapter:_org.springframework.integration.errorLogger} as a subscriber to the 'errorChannel' channel
2021-11-26 15:25:13,976 [main] INFO  [o.s.integration.channel.PublishSubscribeChannel] AbstractSubscribableChannel.java:64 - Channel 'application.errorChannel' has 1 subscriber(s).
2021-11-26 15:25:13,976 [main] INFO  [o.s.integration.endpoint.EventDrivenConsumer] AbstractEndpoint.java:159 - started bean '_org.springframework.integration.errorLogger'
2021-11-26 15:25:13,976 [main] INFO  [org.apache.coyote.http11.Http11NioProtocol] DirectJDKLog.java:173 - Starting ProtocolHandler ["http-nio-8080"]
2021-11-26 15:25:14,006 [main] INFO  [o.s.boot.web.embedded.tomcat.TomcatWebServer] TomcatWebServer.java:220 - Tomcat started on port(s): 8080 (http) with context path ''
2021-11-26 15:25:14,009 [main] INFO  [o.s.scheduling.quartz.SchedulerFactoryBean] SchedulerFactoryBean.java:727 - Starting Quartz Scheduler now
2021-11-26 15:25:14,009 [main] INFO  [org.quartz.core.QuartzScheduler] QuartzScheduler.java:547 - Scheduler quartzScheduler_$_NON_CLUSTERED started.
2021-11-26 15:25:14,023 [main] INFO  [com.xtd.ybls.SpringBootTestApplication] StartupInfoLogger.java:61 - Started SpringBootTestApplication in 4.583 seconds (JVM running for 4.994)
2021-11-26 15:25:21,745 [http-nio-8080-exec-1] INFO  [o.a.c.core.ContainerBase.[Tomcat].[localhost].[/]] DirectJDKLog.java:173 - Initializing Spring DispatcherServlet 'dispatcherServlet'
2021-11-26 15:25:21,746 [http-nio-8080-exec-1] INFO  [org.springframework.web.servlet.DispatcherServlet] FrameworkServlet.java:525 - Initializing Servlet 'dispatcherServlet'
2021-11-26 15:25:21,758 [http-nio-8080-exec-1] INFO  [org.springframework.web.servlet.DispatcherServlet] FrameworkServlet.java:547 - Completed initialization in 12 ms
